mode: set
game_slots_vsn/internal/domain/error.go:24.38,25.21 1 1
game_slots_vsn/internal/domain/error.go:25.21,27.3 1 1
game_slots_vsn/internal/domain/error.go:28.2,28.22 1 1
game_slots_vsn/internal/domain/error.go:37.38,39.2 1 1
game_slots_vsn/internal/domain/error.go:49.76,54.2 1 1
game_slots_vsn/internal/domain/error.go:66.49,67.16 1 1
game_slots_vsn/internal/domain/error.go:67.16,69.3 1 1
game_slots_vsn/internal/domain/error.go:72.2,72.47 1 1
game_slots_vsn/internal/domain/error.go:72.47,74.3 1 1
game_slots_vsn/internal/domain/error.go:77.2,77.45 1 1
game_slots_vsn/internal/domain/error.go:77.45,82.3 1 1
game_slots_vsn/internal/domain/error.go:85.2,85.83 1 1
game_slots_vsn/internal/domain/error.go:100.61,109.2 1 1
game_slots_vsn/internal/domain/error.go:119.59,129.2 2 1
game_slots_vsn/internal/domain/error.go:139.72,149.2 2 1
game_slots_vsn/internal/domain/error.go:158.50,166.2 1 1
game_slots_vsn/internal/domain/error.go:175.49,183.2 1 1
game_slots_vsn/internal/domain/error.go:192.50,200.2 1 1
game_slots_vsn/internal/domain/error.go:206.41,211.2 1 1
game_slots_vsn/internal/domain/error.go:220.54,225.2 1 1
game_slots_vsn/internal/domain/error.go:242.52,243.16 1 1
game_slots_vsn/internal/domain/error.go:243.16,245.3 1 1
game_slots_vsn/internal/domain/error.go:246.2,246.45 1 1
game_slots_vsn/internal/domain/error.go:246.45,248.3 1 1
game_slots_vsn/internal/domain/error.go:249.2,249.19 1 1
game_slots_vsn/internal/domain/error.go:259.36,262.2 2 1
game_slots_vsn/internal/domain/gm_config.go:34.50,39.2 1 1
game_slots_vsn/internal/domain/gm_config.go:48.37,51.2 1 1
game_slots_vsn/internal/domain/gm_config.go:57.35,59.2 1 1
game_slots_vsn/internal/domain/gm_config.go:65.36,68.2 2 1
game_slots_vsn/internal/domain/gm_config.go:74.39,77.2 2 1
game_slots_vsn/internal/domain/gm_config.go:83.45,85.2 1 1
game_slots_vsn/internal/domain/gm_config.go:91.41,93.2 1 1
game_slots_vsn/internal/domain/gm_config.go:99.39,101.2 1 1
game_slots_vsn/internal/domain/gm_config.go:107.37,109.2 1 1
game_slots_vsn/internal/domain/gm_config.go:115.55,120.2 1 1
game_slots_vsn/internal/domain/gm_config.go:126.36,128.2 1 1
game_slots_vsn/internal/domain/gm_config.go:136.38,141.2 1 1
game_slots_vsn/internal/domain/gm_config.go:152.49,153.18 1 1
game_slots_vsn/internal/domain/gm_config.go:153.18,157.3 1 1
game_slots_vsn/internal/domain/gm_config.go:159.2,162.12 3 1
game_slots_vsn/internal/domain/ip_whitelist.go:34.36,38.2 1 1
game_slots_vsn/internal/domain/ip_whitelist.go:50.66,55.38 2 1
game_slots_vsn/internal/domain/ip_whitelist.go:55.38,57.3 1 1
game_slots_vsn/internal/domain/ip_whitelist.go:59.2,59.15 1 1
game_slots_vsn/internal/domain/ip_whitelist.go:68.40,74.2 3 1
game_slots_vsn/internal/domain/ip_whitelist.go:80.38,82.2 1 1
game_slots_vsn/internal/domain/ip_whitelist.go:93.46,98.65 2 1
game_slots_vsn/internal/domain/ip_whitelist.go:98.65,103.3 1 1
game_slots_vsn/internal/domain/ip_whitelist.go:105.2,109.46 3 1
game_slots_vsn/internal/domain/ip_whitelist.go:109.46,114.3 1 1
game_slots_vsn/internal/domain/ip_whitelist.go:117.2,118.12 2 1
game_slots_vsn/internal/domain/ip_whitelist.go:128.49,134.47 4 1
game_slots_vsn/internal/domain/ip_whitelist.go:134.47,139.3 1 1
game_slots_vsn/internal/domain/ip_whitelist.go:141.2,142.12 2 1
game_slots_vsn/internal/domain/ip_whitelist.go:152.48,159.2 4 1
game_slots_vsn/internal/domain/ip_whitelist.go:170.53,173.20 3 1
game_slots_vsn/internal/domain/ip_whitelist.go:173.20,175.3 1 1
game_slots_vsn/internal/domain/ip_whitelist.go:177.2,181.25 3 1
game_slots_vsn/internal/domain/ip_whitelist.go:181.25,183.3 1 1
game_slots_vsn/internal/domain/ip_whitelist.go:186.2,186.33 1 1
game_slots_vsn/internal/domain/ip_whitelist.go:186.33,187.41 1 1
game_slots_vsn/internal/domain/ip_whitelist.go:187.41,189.18 2 1
game_slots_vsn/internal/domain/ip_whitelist.go:189.18,190.13 1 0
game_slots_vsn/internal/domain/ip_whitelist.go:192.4,192.31 1 1
game_slots_vsn/internal/domain/ip_whitelist.go:192.31,194.5 1 1
game_slots_vsn/internal/domain/ip_whitelist.go:198.2,198.14 1 1
game_slots_vsn/internal/domain/ip_whitelist.go:208.50,212.25 3 1
game_slots_vsn/internal/domain/ip_whitelist.go:212.25,213.37 1 1
game_slots_vsn/internal/domain/ip_whitelist.go:213.37,215.4 1 1
game_slots_vsn/internal/domain/ip_whitelist.go:215.9,217.4 1 1
game_slots_vsn/internal/domain/ip_whitelist.go:221.2,221.41 1 1
game_slots_vsn/internal/domain/ip_whitelist.go:221.41,223.3 1 1
game_slots_vsn/internal/domain/ip_whitelist.go:225.2,225.12 1 1
game_slots_vsn/internal/domain/ip_whitelist.go:235.53,239.25 3 1
game_slots_vsn/internal/domain/ip_whitelist.go:239.25,240.40 1 1
game_slots_vsn/internal/domain/ip_whitelist.go:240.40,242.4 1 1
game_slots_vsn/internal/domain/ip_whitelist.go:242.9,244.4 1 1
game_slots_vsn/internal/domain/ip_whitelist.go:248.2,248.41 1 1
game_slots_vsn/internal/domain/ip_whitelist.go:248.41,250.3 1 1
game_slots_vsn/internal/domain/ip_whitelist.go:252.2,252.12 1 1
game_slots_vsn/internal/domain/ip_whitelist.go:259.41,264.24 4 1
game_slots_vsn/internal/domain/ip_whitelist.go:264.24,266.3 1 1
game_slots_vsn/internal/domain/ip_whitelist.go:267.2,267.12 1 1
game_slots_vsn/internal/domain/ip_whitelist.go:274.35,279.2 3 1
game_slots_vsn/internal/domain/ip_whitelist.go:285.38,287.2 1 1
game_slots_vsn/internal/domain/ip_whitelist.go:290.31,295.2 3 1
game_slots_vsn/internal/domain/ip_whitelist.go:303.44,308.24 4 1
game_slots_vsn/internal/domain/ip_whitelist.go:308.24,310.3 1 1
game_slots_vsn/internal/domain/ip_whitelist.go:312.2,312.21 1 1
game_slots_vsn/internal/domain/ip_whitelist.go:319.42,321.2 1 1
game_slots_vsn/internal/domain/ip_whitelist.go:327.39,330.2 2 1
game_slots_vsn/internal/domain/ip_whitelist.go:341.55,342.18 1 1
game_slots_vsn/internal/domain/ip_whitelist.go:342.18,346.3 1 1
game_slots_vsn/internal/domain/ip_whitelist.go:348.2,350.28 3 1
game_slots_vsn/internal/domain/ip_whitelist.go:350.28,352.3 1 1
game_slots_vsn/internal/domain/ip_whitelist.go:353.2,355.22 2 1
game_slots_vsn/internal/domain/ip_whitelist.go:367.55,370.25 2 1
game_slots_vsn/internal/domain/ip_whitelist.go:370.25,372.66 2 1
game_slots_vsn/internal/domain/ip_whitelist.go:372.66,374.4 1 1
game_slots_vsn/internal/domain/ip_whitelist.go:377.2,377.21 1 1
game_slots_vsn/internal/domain/ip_whitelist.go:377.21,382.3 1 1
game_slots_vsn/internal/domain/ip_whitelist.go:384.2,384.12 1 1
game_slots_vsn/internal/domain/version.go:56.38,61.2 1 1
game_slots_vsn/internal/domain/version.go:73.74,80.2 1 1
game_slots_vsn/internal/domain/version.go:88.36,90.36 1 1
game_slots_vsn/internal/domain/version.go:90.36,98.3 1 1
game_slots_vsn/internal/domain/version.go:101.2,101.57 1 1
game_slots_vsn/internal/domain/version.go:101.57,109.3 1 1
game_slots_vsn/internal/domain/version.go:112.2,112.37 1 1
game_slots_vsn/internal/domain/version.go:112.37,113.40 1 1
game_slots_vsn/internal/domain/version.go:113.40,115.49 1 1
game_slots_vsn/internal/domain/version.go:115.49,117.30 2 1
game_slots_vsn/internal/domain/version.go:117.30,118.39 1 1
game_slots_vsn/internal/domain/version.go:118.39,120.7 1 1
game_slots_vsn/internal/domain/version.go:122.5,123.39 2 1
game_slots_vsn/internal/domain/version.go:126.4,129.6 1 0
game_slots_vsn/internal/domain/version.go:133.2,133.12 1 1
game_slots_vsn/internal/domain/version.go:140.34,142.2 1 1
game_slots_vsn/internal/domain/version.go:152.66,153.39 1 1
game_slots_vsn/internal/domain/version.go:153.39,155.3 1 1
game_slots_vsn/internal/domain/version.go:157.2,158.12 2 1
game_slots_vsn/internal/domain/version.go:169.64,171.9 2 1
game_slots_vsn/internal/domain/version.go:171.9,178.3 1 1
game_slots_vsn/internal/domain/version.go:180.2,180.17 1 1
game_slots_vsn/internal/domain/version.go:187.47,189.2 1 1
game_slots_vsn/internal/domain/version.go:195.47,197.32 2 1
game_slots_vsn/internal/domain/version.go:197.32,199.3 1 1
game_slots_vsn/internal/domain/version.go:200.2,200.13 1 1
game_slots_vsn/internal/domain/version.go:210.49,213.2 2 1
game_slots_vsn/internal/domain/version.go:221.38,225.36 2 1
game_slots_vsn/internal/domain/version.go:225.36,227.3 1 1
game_slots_vsn/internal/domain/version.go:227.8,227.64 1 1
game_slots_vsn/internal/domain/version.go:227.64,229.3 1 1
game_slots_vsn/internal/domain/version.go:232.2,232.39 1 1
game_slots_vsn/internal/domain/version.go:232.39,234.3 1 1
game_slots_vsn/internal/domain/version.go:234.8,234.63 1 1
game_slots_vsn/internal/domain/version.go:234.63,236.3 1 1
game_slots_vsn/internal/domain/version.go:239.2,239.39 1 1
game_slots_vsn/internal/domain/version.go:239.39,241.3 1 1
game_slots_vsn/internal/domain/version.go:241.8,241.63 1 1
game_slots_vsn/internal/domain/version.go:241.63,243.3 1 0
game_slots_vsn/internal/domain/version.go:246.2,246.16 1 1
game_slots_vsn/internal/domain/version.go:246.16,248.3 1 1
game_slots_vsn/internal/domain/version.go:250.2,250.21 1 1
game_slots_vsn/internal/domain/version.go:250.21,255.3 1 1
game_slots_vsn/internal/domain/version.go:257.2,257.12 1 1
