mode: set
game_slots_vsn/main.go:22.13,24.2 1 0
game_slots_vsn/cmd/root.go:47.16,48.42 1 0
game_slots_vsn/cmd/root.go:48.42,50.3 1 0
game_slots_vsn/cmd/root.go:53.13,57.2 3 0
game_slots_vsn/cmd/root.go:60.19,61.19 1 0
game_slots_vsn/cmd/root.go:61.19,64.3 1 0
game_slots_vsn/cmd/root.go:64.8,71.3 6 0
game_slots_vsn/cmd/root.go:73.2,76.45 2 0
game_slots_vsn/cmd/root.go:76.45,78.3 1 0
game_slots_vsn/cmd/root.go:80.2,83.46 3 0
game_slots_vsn/cmd/root.go:83.46,86.3 2 0
game_slots_vsn/cmd/run.go:21.47,23.3 1 0
game_slots_vsn/cmd/run.go:26.13,38.2 1 0
game_slots_vsn/cmd/stop.go:23.47,26.3 2 0
game_slots_vsn/cmd/stop.go:29.13,41.2 1 0
game_slots_vsn/internal/server.go:44.12,64.65 6 0
game_slots_vsn/internal/server.go:64.65,66.3 1 0
game_slots_vsn/internal/server.go:68.2,82.58 9 0
game_slots_vsn/internal/server.go:82.58,84.3 1 0
game_slots_vsn/internal/server.go:87.2,101.12 3 0
game_slots_vsn/internal/server.go:101.12,102.40 1 0
game_slots_vsn/internal/server.go:102.40,105.4 2 0
game_slots_vsn/internal/server.go:109.2,109.39 1 0
game_slots_vsn/internal/server.go:118.34,121.15 2 0
game_slots_vsn/internal/server.go:121.15,123.3 1 0
game_slots_vsn/internal/server.go:126.2,127.16 2 0
game_slots_vsn/internal/server.go:127.16,131.3 2 0
game_slots_vsn/internal/server.go:133.2,133.12 1 0
game_slots_vsn/internal/server.go:145.49,147.64 1 0
game_slots_vsn/internal/server.go:147.64,150.3 1 0
game_slots_vsn/internal/server.go:153.2,153.16 1 0
game_slots_vsn/internal/server.go:166.78,179.2 4 0
game_slots_vsn/internal/server.go:191.76,197.41 3 0
game_slots_vsn/internal/server.go:197.41,199.3 1 0
game_slots_vsn/internal/server.go:201.2,201.12 1 0
game_slots_vsn/internal/server.go:211.69,225.45 7 0
game_slots_vsn/internal/server.go:225.45,227.3 1 0
game_slots_vsn/internal/server.go:229.2,229.35 1 0
game_slots_vsn/internal/server.go:235.14,238.2 0 0
game_slots_vsn/internal/handler/base.go:33.59,37.2 1 0
game_slots_vsn/internal/handler/base.go:46.59,50.2 1 0
game_slots_vsn/internal/handler/base.go:58.43,60.2 1 0
game_slots_vsn/internal/handler/base.go:69.50,71.47 1 0
game_slots_vsn/internal/handler/base.go:71.47,73.48 1 0
game_slots_vsn/internal/handler/base.go:73.48,75.4 1 0
game_slots_vsn/internal/handler/base.go:77.3,84.9 2 0
game_slots_vsn/internal/handler/base.go:88.2,93.4 1 0
game_slots_vsn/internal/handler/base.go:108.59,109.46 1 0
game_slots_vsn/internal/handler/base.go:109.46,114.3 2 0
game_slots_vsn/internal/handler/base.go:115.2,115.13 1 0
game_slots_vsn/internal/handler/base.go:128.60,129.47 1 0
game_slots_vsn/internal/handler/base.go:129.47,134.3 2 0
game_slots_vsn/internal/handler/base.go:135.2,135.13 1 0
game_slots_vsn/internal/handler/base.go:148.58,149.45 1 0
game_slots_vsn/internal/handler/base.go:149.45,154.3 2 0
game_slots_vsn/internal/handler/base.go:155.2,155.13 1 0
game_slots_vsn/internal/handler/base.go:232.38,233.12 1 0
game_slots_vsn/internal/handler/base.go:233.12,235.3 1 0
game_slots_vsn/internal/handler/base.go:236.2,237.12 2 0
game_slots_vsn/internal/handler/base.go:237.12,240.3 2 0
game_slots_vsn/internal/handler/base.go:241.2,241.15 1 0
game_slots_vsn/internal/handler/api/version_handler.go:29.79,33.2 1 0
game_slots_vsn/internal/handler/api/version_handler.go:48.53,50.39 2 0
game_slots_vsn/internal/handler/api/version_handler.go:50.39,52.3 1 0
game_slots_vsn/internal/handler/api/version_handler.go:55.2,56.16 2 0
game_slots_vsn/internal/handler/api/version_handler.go:56.16,59.3 2 0
game_slots_vsn/internal/handler/api/version_handler.go:61.2,61.40 1 0
game_slots_vsn/internal/handler/api/version_handler.go:80.56,82.39 2 0
game_slots_vsn/internal/handler/api/version_handler.go:82.39,84.3 1 0
game_slots_vsn/internal/handler/api/version_handler.go:86.2,87.42 2 0
game_slots_vsn/internal/handler/api/version_handler.go:87.42,89.3 1 0
game_slots_vsn/internal/handler/api/version_handler.go:92.2,92.95 1 0
game_slots_vsn/internal/handler/api/version_handler.go:92.95,95.3 2 0
game_slots_vsn/internal/handler/api/version_handler.go:97.2,99.4 1 0
game_slots_vsn/internal/handler/api/version_handler.go:116.56,118.15 2 0
game_slots_vsn/internal/handler/api/version_handler.go:118.15,124.3 2 0
game_slots_vsn/internal/handler/api/version_handler.go:126.2,127.39 2 0
game_slots_vsn/internal/handler/api/version_handler.go:127.39,129.3 1 0
game_slots_vsn/internal/handler/api/version_handler.go:131.2,132.42 2 0
game_slots_vsn/internal/handler/api/version_handler.go:132.42,134.3 1 0
game_slots_vsn/internal/handler/api/version_handler.go:137.2,140.95 2 0
game_slots_vsn/internal/handler/api/version_handler.go:140.95,143.3 2 0
game_slots_vsn/internal/handler/api/version_handler.go:145.2,147.4 1 0
game_slots_vsn/internal/handler/api/version_handler.go:162.56,164.15 2 0
game_slots_vsn/internal/handler/api/version_handler.go:164.15,170.3 2 0
game_slots_vsn/internal/handler/api/version_handler.go:172.2,173.39 2 0
game_slots_vsn/internal/handler/api/version_handler.go:173.39,175.3 1 0
game_slots_vsn/internal/handler/api/version_handler.go:178.2,178.90 1 0
game_slots_vsn/internal/handler/api/version_handler.go:178.90,181.3 2 0
game_slots_vsn/internal/handler/api/version_handler.go:183.2,183.33 1 0
game_slots_vsn/internal/handler/api/version_handler.go:196.55,198.39 2 0
game_slots_vsn/internal/handler/api/version_handler.go:198.39,200.3 1 0
game_slots_vsn/internal/handler/api/version_handler.go:203.2,204.16 2 0
game_slots_vsn/internal/handler/api/version_handler.go:204.16,207.3 2 0
game_slots_vsn/internal/handler/api/version_handler.go:209.2,212.4 1 0
game_slots_vsn/internal/handler/api/version_handler.go:230.55,232.15 2 0
game_slots_vsn/internal/handler/api/version_handler.go:232.15,238.3 2 0
game_slots_vsn/internal/handler/api/version_handler.go:240.2,241.39 2 0
game_slots_vsn/internal/handler/api/version_handler.go:241.39,243.3 1 0
game_slots_vsn/internal/handler/api/version_handler.go:246.2,249.103 2 0
game_slots_vsn/internal/handler/api/version_handler.go:249.103,252.3 2 0
game_slots_vsn/internal/handler/api/version_handler.go:254.2,256.4 1 0
game_slots_vsn/internal/handler/api/version_handler.go:272.58,274.15 2 0
game_slots_vsn/internal/handler/api/version_handler.go:274.15,280.3 2 0
game_slots_vsn/internal/handler/api/version_handler.go:282.2,283.39 2 0
game_slots_vsn/internal/handler/api/version_handler.go:283.39,285.3 1 0
game_slots_vsn/internal/handler/api/version_handler.go:288.2,288.101 1 0
game_slots_vsn/internal/handler/api/version_handler.go:288.101,291.3 2 0
game_slots_vsn/internal/handler/api/version_handler.go:293.2,293.33 1 0
game_slots_vsn/internal/handler/admin/gm_handler.go:28.59,32.2 1 0
game_slots_vsn/internal/handler/admin/gm_handler.go:43.49,46.16 2 0
game_slots_vsn/internal/handler/admin/gm_handler.go:46.16,49.3 2 0
game_slots_vsn/internal/handler/admin/gm_handler.go:51.2,51.39 1 0
game_slots_vsn/internal/handler/admin/gm_handler.go:65.52,67.41 2 0
game_slots_vsn/internal/handler/admin/gm_handler.go:67.41,69.3 1 0
game_slots_vsn/internal/handler/admin/gm_handler.go:72.2,72.81 1 0
game_slots_vsn/internal/handler/admin/gm_handler.go:72.81,75.3 2 0
game_slots_vsn/internal/handler/admin/gm_handler.go:77.2,80.4 1 0
game_slots_vsn/internal/handler/admin/gm_handler.go:92.46,95.16 2 0
game_slots_vsn/internal/handler/admin/gm_handler.go:95.16,98.3 2 0
game_slots_vsn/internal/handler/admin/gm_handler.go:100.2,102.4 1 0
game_slots_vsn/internal/handler/admin/gm_handler.go:114.49,117.16 2 0
game_slots_vsn/internal/handler/admin/gm_handler.go:117.16,120.3 2 0
game_slots_vsn/internal/handler/admin/gm_handler.go:122.2,124.4 1 0
game_slots_vsn/internal/handler/admin/gm_handler.go:136.56,138.76 1 0
game_slots_vsn/internal/handler/admin/gm_handler.go:138.76,141.3 2 0
game_slots_vsn/internal/handler/admin/gm_handler.go:143.2,145.4 1 0
game_slots_vsn/internal/handler/admin/ip_whitelist_handler.go:28.93,32.2 1 0
game_slots_vsn/internal/handler/admin/ip_whitelist_handler.go:42.59,45.16 2 0
game_slots_vsn/internal/handler/admin/ip_whitelist_handler.go:45.16,48.3 2 0
game_slots_vsn/internal/handler/admin/ip_whitelist_handler.go:50.2,50.42 1 0
game_slots_vsn/internal/handler/admin/ip_whitelist_handler.go:64.62,66.44 2 0
game_slots_vsn/internal/handler/admin/ip_whitelist_handler.go:66.44,68.3 1 0
game_slots_vsn/internal/handler/admin/ip_whitelist_handler.go:71.2,71.92 1 0
game_slots_vsn/internal/handler/admin/ip_whitelist_handler.go:71.92,74.3 2 0
game_slots_vsn/internal/handler/admin/ip_whitelist_handler.go:76.2,79.4 1 0
game_slots_vsn/internal/handler/admin/ip_whitelist_handler.go:93.52,95.38 2 0
game_slots_vsn/internal/handler/admin/ip_whitelist_handler.go:95.38,97.3 1 0
game_slots_vsn/internal/handler/admin/ip_whitelist_handler.go:100.2,100.78 1 0
game_slots_vsn/internal/handler/admin/ip_whitelist_handler.go:100.78,103.3 2 0
game_slots_vsn/internal/handler/admin/ip_whitelist_handler.go:105.2,107.4 1 0
game_slots_vsn/internal/handler/admin/ip_whitelist_handler.go:121.55,123.38 2 0
game_slots_vsn/internal/handler/admin/ip_whitelist_handler.go:123.38,125.3 1 0
game_slots_vsn/internal/handler/admin/ip_whitelist_handler.go:128.2,128.81 1 0
game_slots_vsn/internal/handler/admin/ip_whitelist_handler.go:128.81,131.3 2 0
game_slots_vsn/internal/handler/admin/ip_whitelist_handler.go:133.2,133.33 1 0
game_slots_vsn/internal/handler/admin/ip_whitelist_handler.go:147.54,149.38 2 0
game_slots_vsn/internal/handler/admin/ip_whitelist_handler.go:149.38,151.3 1 0
game_slots_vsn/internal/handler/admin/ip_whitelist_handler.go:154.2,155.16 2 0
game_slots_vsn/internal/handler/admin/ip_whitelist_handler.go:155.16,158.3 2 0
game_slots_vsn/internal/handler/admin/ip_whitelist_handler.go:160.2,162.4 1 0
game_slots_vsn/internal/handler/admin/ip_whitelist_handler.go:176.58,178.38 2 0
game_slots_vsn/internal/handler/admin/ip_whitelist_handler.go:178.38,180.3 1 0
game_slots_vsn/internal/handler/admin/ip_whitelist_handler.go:183.2,183.85 1 0
game_slots_vsn/internal/handler/admin/ip_whitelist_handler.go:183.85,186.3 2 0
game_slots_vsn/internal/handler/admin/ip_whitelist_handler.go:188.2,190.4 1 0
game_slots_vsn/internal/handler/admin/ip_whitelist_handler.go:204.61,206.38 2 0
game_slots_vsn/internal/handler/admin/ip_whitelist_handler.go:206.38,208.3 1 0
game_slots_vsn/internal/handler/admin/ip_whitelist_handler.go:211.2,211.88 1 0
game_slots_vsn/internal/handler/admin/ip_whitelist_handler.go:211.88,214.3 2 0
game_slots_vsn/internal/handler/admin/ip_whitelist_handler.go:216.2,218.4 1 0
game_slots_vsn/internal/handler/admin/ip_whitelist_handler.go:229.61,231.79 1 0
game_slots_vsn/internal/handler/admin/ip_whitelist_handler.go:231.79,234.3 2 0
game_slots_vsn/internal/handler/admin/ip_whitelist_handler.go:236.2,238.4 1 0
game_slots_vsn/internal/http/health.go:40.84,46.2 1 0
game_slots_vsn/internal/http/health.go:66.46,70.2 3 0
game_slots_vsn/internal/http/health.go:76.40,80.2 3 0
game_slots_vsn/internal/http/health.go:91.66,103.2 4 0
game_slots_vsn/internal/http/health.go:109.50,113.2 1 0
game_slots_vsn/internal/http/health.go:119.51,120.18 1 0
game_slots_vsn/internal/http/health.go:120.18,126.3 3 0
game_slots_vsn/internal/http/health.go:129.2,132.48 3 0
game_slots_vsn/internal/http/health.go:132.48,139.3 3 0
game_slots_vsn/internal/http/health.go:141.2,143.4 1 0
game_slots_vsn/internal/http/health.go:149.48,157.48 5 0
game_slots_vsn/internal/http/health.go:157.48,163.3 2 0
game_slots_vsn/internal/http/health.go:163.8,168.3 1 0
game_slots_vsn/internal/http/health.go:171.2,171.18 1 0
game_slots_vsn/internal/http/health.go:171.18,177.3 2 0
game_slots_vsn/internal/http/health.go:177.8,182.3 1 0
game_slots_vsn/internal/http/health.go:185.2,189.34 3 0
game_slots_vsn/internal/http/health.go:189.34,191.3 1 0
game_slots_vsn/internal/http/health.go:193.2,198.4 1 0
game_slots_vsn/internal/http/health.go:204.46,209.2 1 0
game_slots_vsn/internal/http/middleware.go:19.61,20.72 1 0
game_slots_vsn/internal/http/middleware.go:20.72,36.3 3 0
game_slots_vsn/internal/http/middleware.go:42.59,43.30 1 0
game_slots_vsn/internal/http/middleware.go:43.30,63.3 7 0
game_slots_vsn/internal/http/middleware.go:69.39,70.30 1 0
game_slots_vsn/internal/http/middleware.go:70.30,78.36 6 0
game_slots_vsn/internal/http/middleware.go:78.36,81.4 2 0
game_slots_vsn/internal/http/middleware.go:83.3,83.11 1 0
game_slots_vsn/internal/http/server.go:66.11,89.2 7 0
game_slots_vsn/internal/http/server.go:94.32,111.2 7 0
game_slots_vsn/internal/http/server.go:114.69,116.2 2 0
game_slots_vsn/internal/http/server.go:116.2,127.3 7 0
game_slots_vsn/internal/http/server.go:131.107,133.2 2 0
game_slots_vsn/internal/http/server.go:133.2,136.3 2 0
game_slots_vsn/internal/http/server.go:136.3,142.4 5 0
game_slots_vsn/internal/http/server.go:145.3,146.3 2 0
game_slots_vsn/internal/http/server.go:146.3,155.4 8 0
game_slots_vsn/internal/http/server.go:165.32,183.81 4 0
game_slots_vsn/internal/http/server.go:183.81,185.3 1 0
game_slots_vsn/internal/http/server.go:187.2,187.12 1 0
game_slots_vsn/internal/http/server.go:196.54,204.55 4 0
game_slots_vsn/internal/http/server.go:204.55,206.3 1 0
game_slots_vsn/internal/http/server.go:208.2,209.12 2 0
game_slots_vsn/internal/http/server.go:218.42,220.2 1 0
game_slots_vsn/internal/http/server.go:231.37,232.12 1 0
game_slots_vsn/internal/http/server.go:232.12,234.3 1 0
game_slots_vsn/internal/http/server.go:235.2,236.12 2 0
game_slots_vsn/internal/http/server.go:236.12,239.3 2 0
game_slots_vsn/internal/http/server.go:240.2,240.15 1 0
game_slots_vsn/internal/repository/redis/client.go:114.50,116.2 1 0
game_slots_vsn/internal/repository/redis/client.go:125.55,127.16 2 0
game_slots_vsn/internal/repository/redis/client.go:127.16,129.3 1 0
game_slots_vsn/internal/repository/redis/client.go:130.2,130.12 1 0
game_slots_vsn/internal/repository/redis/client.go:140.47,145.2 2 0
game_slots_vsn/internal/repository/redis/client.go:150.76,152.16 2 0
game_slots_vsn/internal/repository/redis/client.go:152.16,153.23 1 0
game_slots_vsn/internal/repository/redis/client.go:153.23,157.4 1 0
game_slots_vsn/internal/repository/redis/client.go:158.3,158.88 1 0
game_slots_vsn/internal/repository/redis/client.go:160.2,160.17 1 0
game_slots_vsn/internal/repository/redis/client.go:164.111,166.16 2 0
game_slots_vsn/internal/repository/redis/client.go:166.16,168.3 1 0
game_slots_vsn/internal/repository/redis/client.go:169.2,169.12 1 0
game_slots_vsn/internal/repository/redis/client.go:173.70,175.16 2 0
game_slots_vsn/internal/repository/redis/client.go:175.16,177.3 1 0
game_slots_vsn/internal/repository/redis/client.go:178.2,178.12 1 0
game_slots_vsn/internal/repository/redis/client.go:182.77,184.16 2 0
game_slots_vsn/internal/repository/redis/client.go:184.16,186.3 1 0
game_slots_vsn/internal/repository/redis/client.go:187.2,187.23 1 0
game_slots_vsn/internal/repository/redis/client.go:193.84,195.16 2 0
game_slots_vsn/internal/repository/redis/client.go:195.16,196.23 1 0
game_slots_vsn/internal/repository/redis/client.go:196.23,201.4 1 0
game_slots_vsn/internal/repository/redis/client.go:202.3,202.89 1 0
game_slots_vsn/internal/repository/redis/client.go:204.2,204.17 1 0
game_slots_vsn/internal/repository/redis/client.go:208.93,210.16 2 0
game_slots_vsn/internal/repository/redis/client.go:210.16,212.3 1 0
game_slots_vsn/internal/repository/redis/client.go:213.2,213.12 1 0
game_slots_vsn/internal/repository/redis/client.go:217.103,219.16 2 0
game_slots_vsn/internal/repository/redis/client.go:219.16,221.3 1 0
game_slots_vsn/internal/repository/redis/client.go:222.2,222.18 1 0
game_slots_vsn/internal/repository/redis/client.go:226.99,228.16 2 0
game_slots_vsn/internal/repository/redis/client.go:228.16,230.3 1 0
game_slots_vsn/internal/repository/redis/client.go:231.2,231.12 1 0
game_slots_vsn/internal/repository/redis/client.go:235.91,237.16 2 0
game_slots_vsn/internal/repository/redis/client.go:237.16,239.3 1 0
game_slots_vsn/internal/repository/redis/client.go:240.2,240.18 1 0
game_slots_vsn/internal/repository/redis/client.go:244.85,246.16 2 0
game_slots_vsn/internal/repository/redis/client.go:246.16,248.3 1 0
game_slots_vsn/internal/repository/redis/client.go:249.2,249.12 1 0
game_slots_vsn/internal/repository/redis/client.go:255.91,257.16 2 0
game_slots_vsn/internal/repository/redis/client.go:257.16,259.3 1 0
game_slots_vsn/internal/repository/redis/client.go:260.2,260.12 1 0
game_slots_vsn/internal/repository/redis/client.go:264.91,266.16 2 0
game_slots_vsn/internal/repository/redis/client.go:266.16,268.3 1 0
game_slots_vsn/internal/repository/redis/client.go:269.2,269.12 1 0
game_slots_vsn/internal/repository/redis/client.go:273.100,275.16 2 0
game_slots_vsn/internal/repository/redis/client.go:275.16,277.3 1 0
game_slots_vsn/internal/repository/redis/client.go:278.2,278.20 1 0
game_slots_vsn/internal/repository/redis/client.go:282.83,284.16 2 0
game_slots_vsn/internal/repository/redis/client.go:284.16,286.3 1 0
game_slots_vsn/internal/repository/redis/client.go:287.2,287.21 1 0
game_slots_vsn/internal/repository/redis/client.go:291.77,293.16 2 0
game_slots_vsn/internal/repository/redis/client.go:293.16,295.3 1 0
game_slots_vsn/internal/repository/redis/client.go:296.2,296.19 1 0
game_slots_vsn/internal/repository/redis/client.go:302.89,304.16 2 0
game_slots_vsn/internal/repository/redis/client.go:304.16,306.3 1 0
game_slots_vsn/internal/repository/redis/client.go:308.2,309.16 2 0
game_slots_vsn/internal/repository/redis/client.go:309.16,311.3 1 0
game_slots_vsn/internal/repository/redis/client.go:312.2,312.12 1 0
game_slots_vsn/internal/repository/redis/client.go:316.80,318.16 2 0
game_slots_vsn/internal/repository/redis/client.go:318.16,319.23 1 0
game_slots_vsn/internal/repository/redis/client.go:319.23,323.4 1 0
game_slots_vsn/internal/repository/redis/client.go:324.3,324.93 1 0
game_slots_vsn/internal/repository/redis/client.go:326.2,326.18 1 0
game_slots_vsn/internal/domain/error.go:24.38,25.21 1 1
game_slots_vsn/internal/domain/error.go:25.21,27.3 1 1
game_slots_vsn/internal/domain/error.go:28.2,28.22 1 1
game_slots_vsn/internal/domain/error.go:37.38,39.2 1 1
game_slots_vsn/internal/domain/error.go:49.76,54.2 1 1
game_slots_vsn/internal/domain/error.go:66.49,67.16 1 1
game_slots_vsn/internal/domain/error.go:67.16,69.3 1 1
game_slots_vsn/internal/domain/error.go:72.2,72.47 1 1
game_slots_vsn/internal/domain/error.go:72.47,74.3 1 1
game_slots_vsn/internal/domain/error.go:77.2,77.45 1 1
game_slots_vsn/internal/domain/error.go:77.45,82.3 1 1
game_slots_vsn/internal/domain/error.go:85.2,85.83 1 1
game_slots_vsn/internal/domain/error.go:100.61,109.2 1 1
game_slots_vsn/internal/domain/error.go:119.59,129.2 2 1
game_slots_vsn/internal/domain/error.go:139.72,149.2 2 1
game_slots_vsn/internal/domain/error.go:158.50,166.2 1 1
game_slots_vsn/internal/domain/error.go:175.49,183.2 1 1
game_slots_vsn/internal/domain/error.go:192.50,200.2 1 1
game_slots_vsn/internal/domain/error.go:206.41,211.2 1 1
game_slots_vsn/internal/domain/error.go:220.54,225.2 1 1
game_slots_vsn/internal/domain/error.go:242.52,243.16 1 1
game_slots_vsn/internal/domain/error.go:243.16,245.3 1 1
game_slots_vsn/internal/domain/error.go:246.2,246.45 1 1
game_slots_vsn/internal/domain/error.go:246.45,248.3 1 1
game_slots_vsn/internal/domain/error.go:249.2,249.19 1 1
game_slots_vsn/internal/domain/error.go:259.36,262.2 2 1
game_slots_vsn/internal/domain/gm_config.go:34.50,39.2 1 1
game_slots_vsn/internal/domain/gm_config.go:48.37,51.2 1 1
game_slots_vsn/internal/domain/gm_config.go:57.35,59.2 1 1
game_slots_vsn/internal/domain/gm_config.go:65.36,68.2 2 1
game_slots_vsn/internal/domain/gm_config.go:74.39,77.2 2 1
game_slots_vsn/internal/domain/gm_config.go:83.45,85.2 1 1
game_slots_vsn/internal/domain/gm_config.go:91.41,93.2 1 1
game_slots_vsn/internal/domain/gm_config.go:99.39,101.2 1 1
game_slots_vsn/internal/domain/gm_config.go:107.37,109.2 1 1
game_slots_vsn/internal/domain/gm_config.go:115.55,120.2 1 1
game_slots_vsn/internal/domain/gm_config.go:126.36,128.2 1 1
game_slots_vsn/internal/domain/gm_config.go:136.38,141.2 1 1
game_slots_vsn/internal/domain/gm_config.go:152.49,153.18 1 1
game_slots_vsn/internal/domain/gm_config.go:153.18,157.3 1 1
game_slots_vsn/internal/domain/gm_config.go:159.2,162.12 3 1
game_slots_vsn/internal/domain/ip_whitelist.go:34.36,38.2 1 1
game_slots_vsn/internal/domain/ip_whitelist.go:50.66,55.38 2 1
game_slots_vsn/internal/domain/ip_whitelist.go:55.38,57.3 1 1
game_slots_vsn/internal/domain/ip_whitelist.go:59.2,59.15 1 1
game_slots_vsn/internal/domain/ip_whitelist.go:68.40,74.2 3 1
game_slots_vsn/internal/domain/ip_whitelist.go:80.38,82.2 1 1
game_slots_vsn/internal/domain/ip_whitelist.go:93.46,98.65 2 1
game_slots_vsn/internal/domain/ip_whitelist.go:98.65,103.3 1 1
game_slots_vsn/internal/domain/ip_whitelist.go:105.2,109.46 3 1
game_slots_vsn/internal/domain/ip_whitelist.go:109.46,114.3 1 1
game_slots_vsn/internal/domain/ip_whitelist.go:117.2,118.12 2 1
game_slots_vsn/internal/domain/ip_whitelist.go:128.49,134.47 4 1
game_slots_vsn/internal/domain/ip_whitelist.go:134.47,139.3 1 1
game_slots_vsn/internal/domain/ip_whitelist.go:141.2,142.12 2 1
game_slots_vsn/internal/domain/ip_whitelist.go:152.48,159.2 4 1
game_slots_vsn/internal/domain/ip_whitelist.go:170.53,173.20 3 1
game_slots_vsn/internal/domain/ip_whitelist.go:173.20,175.3 1 1
game_slots_vsn/internal/domain/ip_whitelist.go:177.2,181.25 3 1
game_slots_vsn/internal/domain/ip_whitelist.go:181.25,183.3 1 1
game_slots_vsn/internal/domain/ip_whitelist.go:186.2,186.33 1 1
game_slots_vsn/internal/domain/ip_whitelist.go:186.33,187.41 1 1
game_slots_vsn/internal/domain/ip_whitelist.go:187.41,189.18 2 1
game_slots_vsn/internal/domain/ip_whitelist.go:189.18,190.13 1 0
game_slots_vsn/internal/domain/ip_whitelist.go:192.4,192.31 1 1
game_slots_vsn/internal/domain/ip_whitelist.go:192.31,194.5 1 1
game_slots_vsn/internal/domain/ip_whitelist.go:198.2,198.14 1 1
game_slots_vsn/internal/domain/ip_whitelist.go:208.50,212.25 3 1
game_slots_vsn/internal/domain/ip_whitelist.go:212.25,213.37 1 1
game_slots_vsn/internal/domain/ip_whitelist.go:213.37,215.4 1 1
game_slots_vsn/internal/domain/ip_whitelist.go:215.9,217.4 1 1
game_slots_vsn/internal/domain/ip_whitelist.go:221.2,221.41 1 1
game_slots_vsn/internal/domain/ip_whitelist.go:221.41,223.3 1 1
game_slots_vsn/internal/domain/ip_whitelist.go:225.2,225.12 1 1
game_slots_vsn/internal/domain/ip_whitelist.go:235.53,239.25 3 1
game_slots_vsn/internal/domain/ip_whitelist.go:239.25,240.40 1 1
game_slots_vsn/internal/domain/ip_whitelist.go:240.40,242.4 1 1
game_slots_vsn/internal/domain/ip_whitelist.go:242.9,244.4 1 1
game_slots_vsn/internal/domain/ip_whitelist.go:248.2,248.41 1 1
game_slots_vsn/internal/domain/ip_whitelist.go:248.41,250.3 1 1
game_slots_vsn/internal/domain/ip_whitelist.go:252.2,252.12 1 1
game_slots_vsn/internal/domain/ip_whitelist.go:259.41,264.24 4 1
game_slots_vsn/internal/domain/ip_whitelist.go:264.24,266.3 1 1
game_slots_vsn/internal/domain/ip_whitelist.go:267.2,267.12 1 1
game_slots_vsn/internal/domain/ip_whitelist.go:274.35,279.2 3 1
game_slots_vsn/internal/domain/ip_whitelist.go:285.38,287.2 1 1
game_slots_vsn/internal/domain/ip_whitelist.go:290.31,295.2 3 1
game_slots_vsn/internal/domain/ip_whitelist.go:303.44,308.24 4 1
game_slots_vsn/internal/domain/ip_whitelist.go:308.24,310.3 1 1
game_slots_vsn/internal/domain/ip_whitelist.go:312.2,312.21 1 1
game_slots_vsn/internal/domain/ip_whitelist.go:319.42,321.2 1 1
game_slots_vsn/internal/domain/ip_whitelist.go:327.39,330.2 2 1
game_slots_vsn/internal/domain/ip_whitelist.go:341.55,342.18 1 1
game_slots_vsn/internal/domain/ip_whitelist.go:342.18,346.3 1 1
game_slots_vsn/internal/domain/ip_whitelist.go:348.2,350.28 3 1
game_slots_vsn/internal/domain/ip_whitelist.go:350.28,352.3 1 1
game_slots_vsn/internal/domain/ip_whitelist.go:353.2,355.22 2 1
game_slots_vsn/internal/domain/ip_whitelist.go:367.55,370.25 2 1
game_slots_vsn/internal/domain/ip_whitelist.go:370.25,372.66 2 1
game_slots_vsn/internal/domain/ip_whitelist.go:372.66,374.4 1 1
game_slots_vsn/internal/domain/ip_whitelist.go:377.2,377.21 1 1
game_slots_vsn/internal/domain/ip_whitelist.go:377.21,382.3 1 1
game_slots_vsn/internal/domain/ip_whitelist.go:384.2,384.12 1 1
game_slots_vsn/internal/domain/version.go:56.38,61.2 1 1
game_slots_vsn/internal/domain/version.go:73.74,80.2 1 1
game_slots_vsn/internal/domain/version.go:88.36,90.36 1 1
game_slots_vsn/internal/domain/version.go:90.36,98.3 1 1
game_slots_vsn/internal/domain/version.go:101.2,101.57 1 1
game_slots_vsn/internal/domain/version.go:101.57,109.3 1 1
game_slots_vsn/internal/domain/version.go:112.2,112.37 1 1
game_slots_vsn/internal/domain/version.go:112.37,113.40 1 1
game_slots_vsn/internal/domain/version.go:113.40,115.49 1 1
game_slots_vsn/internal/domain/version.go:115.49,117.30 2 1
game_slots_vsn/internal/domain/version.go:117.30,118.39 1 1
game_slots_vsn/internal/domain/version.go:118.39,120.7 1 1
game_slots_vsn/internal/domain/version.go:122.5,123.39 2 1
game_slots_vsn/internal/domain/version.go:126.4,129.6 1 0
game_slots_vsn/internal/domain/version.go:133.2,133.12 1 1
game_slots_vsn/internal/domain/version.go:140.34,142.2 1 1
game_slots_vsn/internal/domain/version.go:152.66,153.39 1 1
game_slots_vsn/internal/domain/version.go:153.39,155.3 1 1
game_slots_vsn/internal/domain/version.go:157.2,158.12 2 1
game_slots_vsn/internal/domain/version.go:169.64,171.9 2 1
game_slots_vsn/internal/domain/version.go:171.9,178.3 1 1
game_slots_vsn/internal/domain/version.go:180.2,180.17 1 1
game_slots_vsn/internal/domain/version.go:187.47,189.2 1 1
game_slots_vsn/internal/domain/version.go:195.47,197.32 2 1
game_slots_vsn/internal/domain/version.go:197.32,199.3 1 1
game_slots_vsn/internal/domain/version.go:200.2,200.13 1 1
game_slots_vsn/internal/domain/version.go:210.49,213.2 2 1
game_slots_vsn/internal/domain/version.go:221.38,225.36 2 1
game_slots_vsn/internal/domain/version.go:225.36,227.3 1 1
game_slots_vsn/internal/domain/version.go:227.8,227.64 1 1
game_slots_vsn/internal/domain/version.go:227.64,229.3 1 1
game_slots_vsn/internal/domain/version.go:232.2,232.39 1 1
game_slots_vsn/internal/domain/version.go:232.39,234.3 1 1
game_slots_vsn/internal/domain/version.go:234.8,234.63 1 1
game_slots_vsn/internal/domain/version.go:234.63,236.3 1 1
game_slots_vsn/internal/domain/version.go:239.2,239.39 1 1
game_slots_vsn/internal/domain/version.go:239.39,241.3 1 1
game_slots_vsn/internal/domain/version.go:241.8,241.63 1 1
game_slots_vsn/internal/domain/version.go:241.63,243.3 1 0
game_slots_vsn/internal/domain/version.go:246.2,246.16 1 1
game_slots_vsn/internal/domain/version.go:246.16,248.3 1 1
game_slots_vsn/internal/domain/version.go:250.2,250.21 1 1
game_slots_vsn/internal/domain/version.go:250.21,255.3 1 1
game_slots_vsn/internal/domain/version.go:257.2,257.12 1 1
game_slots_vsn/internal/service/dao/gm.go:10.42,13.16 3 0
game_slots_vsn/internal/service/dao/gm.go:13.16,15.3 1 0
game_slots_vsn/internal/service/dao/gm.go:16.2,17.16 2 0
game_slots_vsn/internal/service/dao/gm.go:17.16,19.3 1 0
game_slots_vsn/internal/service/dao/gm.go:20.2,20.20 1 0
game_slots_vsn/internal/service/dao/gm.go:23.43,25.16 2 0
game_slots_vsn/internal/service/dao/gm.go:25.16,27.3 1 0
game_slots_vsn/internal/service/dao/gm.go:28.2,29.16 2 0
game_slots_vsn/internal/service/dao/gm.go:29.16,31.3 1 0
game_slots_vsn/internal/service/dao/gm.go:32.2,32.12 1 0
game_slots_vsn/internal/service/dao/ip.go:8.29,10.2 1 0
game_slots_vsn/internal/service/dao/ip.go:12.33,14.2 1 0
game_slots_vsn/internal/service/dao/ip.go:16.33,18.2 1 0
game_slots_vsn/internal/service/dao/ip.go:20.29,22.2 1 0
game_slots_vsn/internal/service/dao/server.go:11.68,14.34 3 0
game_slots_vsn/internal/service/dao/server.go:14.34,18.3 3 0
game_slots_vsn/internal/service/dao/server.go:19.2,19.22 1 0
game_slots_vsn/internal/service/dao/server.go:22.72,24.16 2 0
game_slots_vsn/internal/service/dao/server.go:24.16,26.3 1 0
game_slots_vsn/internal/service/dao/server.go:27.2,27.80 1 0
game_slots_vsn/internal/service/dao/server.go:30.64,33.25 3 0
game_slots_vsn/internal/service/dao/server.go:33.25,35.3 1 0
game_slots_vsn/internal/service/dao/server.go:35.8,38.3 2 0
game_slots_vsn/internal/service/dao/server.go:39.2,39.19 1 0
game_slots_vsn/internal/service/dao/server.go:42.53,44.2 1 0
game_slots_vsn/internal/service/dao/server.go:46.47,48.23 2 0
game_slots_vsn/internal/service/dao/server.go:48.23,50.3 1 0
game_slots_vsn/internal/service/dao/server.go:51.2,51.12 1 0
game_slots_vsn/pkg/e/code.go:20.30,22.8 2 0
game_slots_vsn/pkg/e/code.go:22.8,24.3 1 0
game_slots_vsn/pkg/e/code.go:25.2,25.29 1 0
game_slots_vsn/pkg/e/response.go:19.54,26.2 2 0
game_slots_vsn/pkg/e/response.go:28.52,35.2 2 0
game_slots_vsn/pkg/app/app.go:19.14,22.16 3 0
game_slots_vsn/pkg/app/app.go:22.16,23.13 1 0
game_slots_vsn/pkg/app/app.go:25.2,25.15 1 0
game_slots_vsn/pkg/app/app.go:28.34,31.2 2 0
game_slots_vsn/pkg/app/app.go:33.23,35.2 1 0
game_slots_vsn/internal/repository/gm_repository.go:27.59,31.2 1 1
game_slots_vsn/internal/repository/gm_repository.go:34.75,39.16 3 1
game_slots_vsn/internal/repository/gm_repository.go:39.16,41.97 1 1
game_slots_vsn/internal/repository/gm_repository.go:41.97,43.4 1 1
game_slots_vsn/internal/repository/gm_repository.go:44.3,44.18 1 0
game_slots_vsn/internal/repository/gm_repository.go:48.2,49.62 2 1
game_slots_vsn/internal/repository/gm_repository.go:49.62,51.3 1 0
game_slots_vsn/internal/repository/gm_repository.go:53.2,53.21 1 1
game_slots_vsn/internal/repository/gm_repository.go:57.81,59.42 1 1
game_slots_vsn/internal/repository/gm_repository.go:59.42,61.3 1 0
game_slots_vsn/internal/repository/gm_repository.go:63.2,67.16 3 1
game_slots_vsn/internal/repository/gm_repository.go:67.16,69.3 1 0
game_slots_vsn/internal/repository/gm_repository.go:72.2,72.56 1 1
game_slots_vsn/internal/repository/gm_repository.go:72.56,74.3 1 0
game_slots_vsn/internal/repository/gm_repository.go:76.2,76.12 1 1
game_slots_vsn/internal/repository/gm_repository.go:80.66,83.2 2 1
game_slots_vsn/internal/repository/interfaces.go:188.46,190.2 1 1
game_slots_vsn/internal/repository/interfaces.go:199.45,201.2 1 1
game_slots_vsn/internal/repository/ip_whitelist_repository.go:27.77,31.2 1 1
game_slots_vsn/internal/repository/ip_whitelist_repository.go:34.87,39.16 3 1
game_slots_vsn/internal/repository/ip_whitelist_repository.go:39.16,41.97 1 1
game_slots_vsn/internal/repository/ip_whitelist_repository.go:41.97,44.4 1 1
game_slots_vsn/internal/repository/ip_whitelist_repository.go:45.3,45.18 1 0
game_slots_vsn/internal/repository/ip_whitelist_repository.go:49.2,50.65 2 1
game_slots_vsn/internal/repository/ip_whitelist_repository.go:50.65,52.3 1 0
game_slots_vsn/internal/repository/ip_whitelist_repository.go:54.2,54.24 1 1
game_slots_vsn/internal/repository/ip_whitelist_repository.go:58.96,60.45 1 1
game_slots_vsn/internal/repository/ip_whitelist_repository.go:60.45,62.3 1 0
game_slots_vsn/internal/repository/ip_whitelist_repository.go:64.2,68.16 3 1
game_slots_vsn/internal/repository/ip_whitelist_repository.go:68.16,70.3 1 0
game_slots_vsn/internal/repository/ip_whitelist_repository.go:73.2,73.56 1 1
game_slots_vsn/internal/repository/ip_whitelist_repository.go:73.56,75.3 1 0
game_slots_vsn/internal/repository/ip_whitelist_repository.go:77.2,77.12 1 1
game_slots_vsn/internal/repository/ip_whitelist_repository.go:81.75,84.2 2 1
game_slots_vsn/internal/repository/ip_whitelist_repository.go:87.88,90.16 2 1
game_slots_vsn/internal/repository/ip_whitelist_repository.go:90.16,92.3 1 0
game_slots_vsn/internal/repository/ip_whitelist_repository.go:95.2,95.41 1 1
game_slots_vsn/internal/repository/version_repository.go:27.69,31.2 1 1
game_slots_vsn/internal/repository/version_repository.go:34.111,39.16 3 1
game_slots_vsn/internal/repository/version_repository.go:39.16,41.97 1 1
game_slots_vsn/internal/repository/version_repository.go:41.97,43.4 1 1
game_slots_vsn/internal/repository/version_repository.go:44.3,44.18 1 0
game_slots_vsn/internal/repository/version_repository.go:48.2,49.63 2 1
game_slots_vsn/internal/repository/version_repository.go:49.63,51.3 1 0
game_slots_vsn/internal/repository/version_repository.go:53.2,53.22 1 1
game_slots_vsn/internal/repository/version_repository.go:57.98,59.43 1 1
game_slots_vsn/internal/repository/version_repository.go:59.43,61.3 1 1
game_slots_vsn/internal/repository/version_repository.go:63.2,67.16 3 1
game_slots_vsn/internal/repository/version_repository.go:67.16,69.3 1 0
game_slots_vsn/internal/repository/version_repository.go:72.2,72.56 1 1
game_slots_vsn/internal/repository/version_repository.go:72.56,74.3 1 0
game_slots_vsn/internal/repository/version_repository.go:77.2,78.65 2 1
game_slots_vsn/internal/repository/version_repository.go:78.65,80.3 1 0
game_slots_vsn/internal/repository/version_repository.go:82.2,82.12 1 1
game_slots_vsn/internal/repository/version_repository.go:86.80,90.47 2 1
game_slots_vsn/internal/repository/version_repository.go:90.47,92.3 1 0
game_slots_vsn/internal/repository/version_repository.go:95.2,96.57 2 1
game_slots_vsn/internal/repository/version_repository.go:96.57,98.3 1 0
game_slots_vsn/internal/repository/version_repository.go:100.2,100.12 1 1
game_slots_vsn/internal/repository/version_repository.go:104.88,107.2 2 1
game_slots_vsn/internal/repository/version_repository.go:110.94,115.16 3 1
game_slots_vsn/internal/repository/version_repository.go:115.16,117.3 1 0
game_slots_vsn/internal/repository/version_repository.go:120.2,121.27 2 1
game_slots_vsn/internal/repository/version_repository.go:121.27,123.17 2 1
game_slots_vsn/internal/repository/version_repository.go:123.17,125.12 1 0
game_slots_vsn/internal/repository/version_repository.go:127.3,127.39 1 1
game_slots_vsn/internal/repository/version_repository.go:130.2,130.22 1 1
game_slots_vsn/internal/repository/redis/client.go:114.50,116.2 1 1
game_slots_vsn/internal/repository/redis/client.go:125.55,127.16 2 0
game_slots_vsn/internal/repository/redis/client.go:127.16,129.3 1 0
game_slots_vsn/internal/repository/redis/client.go:130.2,130.12 1 0
game_slots_vsn/internal/repository/redis/client.go:140.47,145.2 2 0
game_slots_vsn/internal/repository/redis/client.go:150.76,152.16 2 0
game_slots_vsn/internal/repository/redis/client.go:152.16,153.23 1 0
game_slots_vsn/internal/repository/redis/client.go:153.23,157.4 1 0
game_slots_vsn/internal/repository/redis/client.go:158.3,158.88 1 0
game_slots_vsn/internal/repository/redis/client.go:160.2,160.17 1 0
game_slots_vsn/internal/repository/redis/client.go:164.111,166.16 2 1
game_slots_vsn/internal/repository/redis/client.go:166.16,168.3 1 0
game_slots_vsn/internal/repository/redis/client.go:169.2,169.12 1 1
game_slots_vsn/internal/repository/redis/client.go:173.70,175.16 2 1
game_slots_vsn/internal/repository/redis/client.go:175.16,177.3 1 0
game_slots_vsn/internal/repository/redis/client.go:178.2,178.12 1 1
game_slots_vsn/internal/repository/redis/client.go:182.77,184.16 2 1
game_slots_vsn/internal/repository/redis/client.go:184.16,186.3 1 0
game_slots_vsn/internal/repository/redis/client.go:187.2,187.23 1 1
game_slots_vsn/internal/repository/redis/client.go:193.84,195.16 2 0
game_slots_vsn/internal/repository/redis/client.go:195.16,196.23 1 0
game_slots_vsn/internal/repository/redis/client.go:196.23,201.4 1 0
game_slots_vsn/internal/repository/redis/client.go:202.3,202.89 1 0
game_slots_vsn/internal/repository/redis/client.go:204.2,204.17 1 0
game_slots_vsn/internal/repository/redis/client.go:208.93,210.16 2 0
game_slots_vsn/internal/repository/redis/client.go:210.16,212.3 1 0
game_slots_vsn/internal/repository/redis/client.go:213.2,213.12 1 0
game_slots_vsn/internal/repository/redis/client.go:217.103,219.16 2 0
game_slots_vsn/internal/repository/redis/client.go:219.16,221.3 1 0
game_slots_vsn/internal/repository/redis/client.go:222.2,222.18 1 0
game_slots_vsn/internal/repository/redis/client.go:226.99,228.16 2 0
game_slots_vsn/internal/repository/redis/client.go:228.16,230.3 1 0
game_slots_vsn/internal/repository/redis/client.go:231.2,231.12 1 0
game_slots_vsn/internal/repository/redis/client.go:235.91,237.16 2 0
game_slots_vsn/internal/repository/redis/client.go:237.16,239.3 1 0
game_slots_vsn/internal/repository/redis/client.go:240.2,240.18 1 0
game_slots_vsn/internal/repository/redis/client.go:244.85,246.16 2 0
game_slots_vsn/internal/repository/redis/client.go:246.16,248.3 1 0
game_slots_vsn/internal/repository/redis/client.go:249.2,249.12 1 0
game_slots_vsn/internal/repository/redis/client.go:255.91,257.16 2 1
game_slots_vsn/internal/repository/redis/client.go:257.16,259.3 1 0
game_slots_vsn/internal/repository/redis/client.go:260.2,260.12 1 1
game_slots_vsn/internal/repository/redis/client.go:264.91,266.16 2 1
game_slots_vsn/internal/repository/redis/client.go:266.16,268.3 1 0
game_slots_vsn/internal/repository/redis/client.go:269.2,269.12 1 1
game_slots_vsn/internal/repository/redis/client.go:273.100,275.16 2 0
game_slots_vsn/internal/repository/redis/client.go:275.16,277.3 1 0
game_slots_vsn/internal/repository/redis/client.go:278.2,278.20 1 0
game_slots_vsn/internal/repository/redis/client.go:282.83,284.16 2 1
game_slots_vsn/internal/repository/redis/client.go:284.16,286.3 1 0
game_slots_vsn/internal/repository/redis/client.go:287.2,287.21 1 1
game_slots_vsn/internal/repository/redis/client.go:291.77,293.16 2 0
game_slots_vsn/internal/repository/redis/client.go:293.16,295.3 1 0
game_slots_vsn/internal/repository/redis/client.go:296.2,296.19 1 0
game_slots_vsn/internal/repository/redis/client.go:302.89,304.16 2 0
game_slots_vsn/internal/repository/redis/client.go:304.16,306.3 1 0
game_slots_vsn/internal/repository/redis/client.go:308.2,309.16 2 0
game_slots_vsn/internal/repository/redis/client.go:309.16,311.3 1 0
game_slots_vsn/internal/repository/redis/client.go:312.2,312.12 1 0
game_slots_vsn/internal/repository/redis/client.go:316.80,318.16 2 1
game_slots_vsn/internal/repository/redis/client.go:318.16,319.23 1 1
game_slots_vsn/internal/repository/redis/client.go:319.23,323.4 1 1
game_slots_vsn/internal/repository/redis/client.go:324.3,324.93 1 0
game_slots_vsn/internal/repository/redis/client.go:326.2,326.18 1 1
game_slots_vsn/pkg/config/config.go:99.41,100.16 1 1
game_slots_vsn/pkg/config/config.go:100.16,102.3 1 1
game_slots_vsn/pkg/config/config.go:103.2,103.43 1 1
game_slots_vsn/pkg/config/config.go:117.36,119.2 1 1
game_slots_vsn/pkg/config/config.go:130.41,131.36 1 1
game_slots_vsn/pkg/config/config.go:132.23,133.17 1 1
game_slots_vsn/pkg/config/config.go:134.10,135.19 1 1
game_slots_vsn/pkg/config/config.go:152.54,153.19 1 1
game_slots_vsn/pkg/config/config.go:153.19,155.3 1 1
game_slots_vsn/pkg/config/config.go:157.2,157.22 1 1
game_slots_vsn/pkg/config/config.go:157.22,159.3 1 1
game_slots_vsn/pkg/config/config.go:162.2,162.33 1 1
game_slots_vsn/pkg/config/config.go:162.33,164.17 2 1
game_slots_vsn/pkg/config/config.go:164.17,166.4 1 0
game_slots_vsn/pkg/config/config.go:167.3,167.18 1 1
game_slots_vsn/pkg/config/config.go:170.2,170.24 1 1
game_slots_vsn/pkg/config/config.go:184.42,185.19 1 1
game_slots_vsn/pkg/config/config.go:185.19,187.3 1 0
game_slots_vsn/pkg/config/config.go:189.2,190.16 2 1
game_slots_vsn/pkg/config/config.go:190.16,192.3 1 0
game_slots_vsn/pkg/config/config.go:194.2,194.20 1 1
game_slots_vsn/pkg/config/config.go:194.20,196.3 1 0
game_slots_vsn/pkg/config/config.go:198.2,199.50 2 1
game_slots_vsn/pkg/config/config.go:199.50,201.3 1 0
game_slots_vsn/pkg/config/config.go:203.2,203.12 1 1
game_slots_vsn/pkg/config/config.go:215.49,219.16 2 1
game_slots_vsn/pkg/config/config.go:219.16,221.3 1 1
game_slots_vsn/pkg/config/config.go:224.2,224.35 1 1
game_slots_vsn/pkg/config/config.go:224.35,226.3 1 1
game_slots_vsn/pkg/config/config.go:228.2,228.22 1 1
game_slots_vsn/pkg/config/config.go:242.44,244.2 1 1
game_slots_vsn/pkg/config/config.go:257.41,259.2 1 1
game_slots_vsn/pkg/config/loader.go:27.47,35.41 3 1
game_slots_vsn/pkg/config/loader.go:35.41,37.3 1 1
game_slots_vsn/pkg/config/loader.go:40.2,41.42 2 1
game_slots_vsn/pkg/config/loader.go:41.42,43.3 1 0
game_slots_vsn/pkg/config/loader.go:46.2,48.18 2 1
game_slots_vsn/pkg/config/loader.go:63.37,66.22 2 1
game_slots_vsn/pkg/config/loader.go:66.22,69.3 1 1
game_slots_vsn/pkg/config/loader.go:71.2,71.25 1 1
game_slots_vsn/pkg/config/loader.go:88.45,89.15 1 1
game_slots_vsn/pkg/config/loader.go:89.15,91.16 2 1
game_slots_vsn/pkg/config/loader.go:91.16,93.4 1 1
game_slots_vsn/pkg/config/loader.go:97.2,100.25 3 1
game_slots_vsn/pkg/config/loader.go:117.56,119.16 2 1
game_slots_vsn/pkg/config/loader.go:119.16,124.3 3 1
game_slots_vsn/pkg/config/loader.go:125.2,125.17 1 0
game_slots_vsn/pkg/config/loader.go:143.30,179.2 1 1
game_slots_vsn/pkg/config/loader.go:192.20,193.25 1 1
game_slots_vsn/pkg/config/loader.go:193.25,196.17 2 1
game_slots_vsn/pkg/config/loader.go:196.17,198.4 1 1
game_slots_vsn/pkg/config/loader.go:199.3,199.13 1 0
game_slots_vsn/pkg/config/loader.go:201.2,201.21 1 0
game_slots_vsn/pkg/config/loader.go:218.38,220.16 2 1
game_slots_vsn/pkg/config/loader.go:220.16,222.3 1 1
game_slots_vsn/pkg/config/loader.go:223.2,224.12 2 1
game_slots_vsn/pkg/config/loader.go:243.42,245.16 2 1
game_slots_vsn/pkg/config/loader.go:245.16,246.55 1 1
game_slots_vsn/pkg/config/loader.go:248.2,248.12 1 1
game_slots_vsn/pkg/config/loader.go:267.40,269.16 2 1
game_slots_vsn/pkg/config/loader.go:269.16,270.71 1 1
game_slots_vsn/pkg/config/loader.go:272.2,272.12 1 1
game_slots_vsn/pkg/metrics/metrics.go:142.103,152.22 4 0
game_slots_vsn/pkg/metrics/metrics.go:152.22,154.3 1 0
game_slots_vsn/pkg/metrics/metrics.go:162.53,164.2 1 0
game_slots_vsn/pkg/metrics/metrics.go:171.53,173.2 1 0
game_slots_vsn/pkg/metrics/metrics.go:183.76,185.16 2 0
game_slots_vsn/pkg/metrics/metrics.go:185.16,187.3 1 0
game_slots_vsn/pkg/metrics/metrics.go:190.2,193.75 2 0
game_slots_vsn/pkg/metrics/metrics.go:200.41,202.2 1 0
game_slots_vsn/pkg/metrics/metrics.go:211.47,213.9 2 0
game_slots_vsn/pkg/metrics/metrics.go:213.9,215.3 1 0
game_slots_vsn/pkg/metrics/metrics.go:217.2,217.56 1 0
game_slots_vsn/pkg/metrics/metrics.go:224.46,226.2 1 0
game_slots_vsn/pkg/metrics/metrics.go:232.43,234.13 2 0
game_slots_vsn/pkg/metrics/metrics.go:234.13,236.3 1 0
game_slots_vsn/pkg/metrics/metrics.go:238.2,238.54 1 0
game_slots_vsn/pkg/metrics/metrics.go:242.29,244.2 1 0
game_slots_vsn/pkg/metrics/metrics.go:247.29,249.2 1 0
game_slots_vsn/pkg/metrics/metrics.go:255.42,257.2 1 0
game_slots_vsn/pkg/metrics/middleware.go:21.63,22.30 1 0
game_slots_vsn/pkg/metrics/middleware.go:22.30,28.17 3 0
game_slots_vsn/pkg/metrics/middleware.go:28.17,30.4 1 0
game_slots_vsn/pkg/metrics/middleware.go:33.3,51.24 9 0
game_slots_vsn/pkg/metrics/middleware.go:51.24,58.4 1 0
game_slots_vsn/pkg/metrics/middleware.go:74.40,79.20 1 0
game_slots_vsn/pkg/metrics/middleware.go:79.20,82.30 2 0
game_slots_vsn/pkg/metrics/middleware.go:82.30,84.29 1 0
game_slots_vsn/pkg/metrics/middleware.go:84.29,86.5 1 0
game_slots_vsn/pkg/metrics/middleware.go:88.4,88.23 1 0
game_slots_vsn/pkg/metrics/middleware.go:88.23,90.5 1 0
game_slots_vsn/pkg/metrics/middleware.go:92.3,92.25 1 0
game_slots_vsn/pkg/metrics/middleware.go:95.2,95.13 1 0
game_slots_vsn/pkg/metrics/middleware.go:105.37,107.22 2 0
game_slots_vsn/pkg/metrics/middleware.go:107.22,108.15 1 0
game_slots_vsn/pkg/metrics/middleware.go:108.15,110.4 1 0
game_slots_vsn/pkg/metrics/middleware.go:110.9,110.32 1 0
game_slots_vsn/pkg/metrics/middleware.go:110.32,112.4 1 0
game_slots_vsn/pkg/metrics/middleware.go:114.2,114.39 1 0
game_slots_vsn/pkg/metrics/middleware.go:124.31,125.13 1 0
game_slots_vsn/pkg/metrics/middleware.go:125.13,127.3 1 0
game_slots_vsn/pkg/metrics/middleware.go:128.2,128.22 1 0
game_slots_vsn/pkg/metrics/middleware.go:128.22,129.25 1 0
game_slots_vsn/pkg/metrics/middleware.go:129.25,131.4 1 0
game_slots_vsn/pkg/metrics/middleware.go:133.2,133.13 1 0
game_slots_vsn/pkg/metrics/middleware.go:143.38,144.31 1 0
game_slots_vsn/pkg/metrics/middleware.go:144.31,146.3 1 0
game_slots_vsn/pkg/metrics/middleware.go:148.2,150.33 3 0
game_slots_vsn/pkg/metrics/middleware.go:150.33,151.21 1 0
game_slots_vsn/pkg/metrics/middleware.go:151.21,154.4 2 0
game_slots_vsn/pkg/metrics/middleware.go:156.2,156.25 1 0
game_slots_vsn/pkg/metrics/middleware.go:156.25,158.3 1 0
game_slots_vsn/pkg/metrics/middleware.go:160.2,160.14 1 0
game_slots_vsn/pkg/metrics/middleware.go:170.38,171.21 1 0
game_slots_vsn/pkg/metrics/middleware.go:171.21,173.3 1 0
game_slots_vsn/pkg/metrics/middleware.go:175.2,176.29 2 0
game_slots_vsn/pkg/metrics/middleware.go:176.29,177.12 1 0
game_slots_vsn/pkg/metrics/middleware.go:177.12,179.4 1 0
game_slots_vsn/pkg/metrics/middleware.go:180.3,180.17 1 0
game_slots_vsn/pkg/metrics/middleware.go:182.2,182.15 1 0
game_slots_vsn/pkg/metrics/middleware.go:194.42,195.31 1 0
game_slots_vsn/pkg/metrics/middleware.go:195.31,197.3 1 0
game_slots_vsn/pkg/metrics/middleware.go:197.8,197.38 1 0
game_slots_vsn/pkg/metrics/middleware.go:197.38,199.3 1 0
game_slots_vsn/pkg/metrics/middleware.go:199.8,199.38 1 0
game_slots_vsn/pkg/metrics/middleware.go:199.38,201.3 1 0
game_slots_vsn/pkg/metrics/middleware.go:201.8,201.24 1 0
game_slots_vsn/pkg/metrics/middleware.go:201.24,203.3 1 0
game_slots_vsn/pkg/metrics/middleware.go:204.2,204.27 1 0
game_slots_vsn/pkg/logger/loger.go:52.14,55.16 3 0
game_slots_vsn/pkg/logger/loger.go:55.16,56.13 1 0
game_slots_vsn/pkg/logger/loger.go:58.2,58.18 1 0
game_slots_vsn/pkg/logger/loger.go:61.37,64.22 3 0
game_slots_vsn/pkg/logger/loger.go:64.22,71.3 5 0
game_slots_vsn/pkg/logger/loger.go:73.2,73.19 1 0
game_slots_vsn/pkg/logger/loger.go:73.19,85.3 5 0
game_slots_vsn/pkg/logger/loger.go:86.2,94.22 5 0
game_slots_vsn/pkg/logger/loger.go:97.31,99.2 1 0
game_slots_vsn/pkg/logger/loger.go:101.44,112.2 1 0
game_slots_vsn/pkg/logger/loger.go:114.35,116.2 1 0
game_slots_vsn/pkg/logger/loger.go:118.50,125.16 6 0
game_slots_vsn/pkg/logger/loger.go:125.16,127.3 1 0
game_slots_vsn/pkg/logger/loger.go:127.8,129.3 1 0
game_slots_vsn/pkg/logger/loger.go:130.2,130.16 1 0
game_slots_vsn/pkg/logger/loger.go:133.45,134.15 1 0
game_slots_vsn/pkg/logger/loger.go:135.17,136.27 1 0
game_slots_vsn/pkg/logger/loger.go:137.17,138.27 1 0
game_slots_vsn/pkg/logger/loger.go:139.18,140.28 1 0
game_slots_vsn/pkg/logger/loger.go:141.18,142.28 1 0
game_slots_vsn/pkg/logger/loger.go:143.18,144.28 1 0
game_slots_vsn/pkg/logger/loger.go:145.10,146.27 1 0
game_slots_vsn/pkg/logger/loger.go:150.51,152.2 1 0
game_slots_vsn/pkg/logger/loger.go:154.33,156.2 1 0
game_slots_vsn/pkg/logger/loger.go:158.50,160.2 1 0
game_slots_vsn/pkg/logger/loger.go:161.32,163.2 1 0
game_slots_vsn/pkg/logger/loger.go:165.50,167.2 1 0
game_slots_vsn/pkg/logger/loger.go:169.32,171.2 1 0
game_slots_vsn/pkg/logger/loger.go:173.51,175.2 1 0
game_slots_vsn/pkg/logger/loger.go:177.33,179.2 1 0
game_slots_vsn/pkg/logger/loger.go:181.51,183.2 1 0
game_slots_vsn/pkg/logger/loger.go:185.33,187.2 1 0
game_slots_vsn/pkg/mongo/mongo.go:27.14,30.16 3 0
game_slots_vsn/pkg/mongo/mongo.go:30.16,33.3 2 0
game_slots_vsn/pkg/mongo/mongo.go:34.2,34.15 1 0
game_slots_vsn/pkg/mongo/mongo.go:37.30,40.16 3 0
game_slots_vsn/pkg/mongo/mongo.go:40.16,41.13 1 0
game_slots_vsn/pkg/mongo/mongo.go:43.2,43.15 1 0
game_slots_vsn/pkg/mongo/mongo.go:46.39,50.48 3 0
game_slots_vsn/pkg/mongo/mongo.go:50.48,52.3 1 0
game_slots_vsn/pkg/mongo/mongo.go:53.2,55.16 3 0
game_slots_vsn/pkg/mongo/mongo.go:55.16,56.13 1 0
game_slots_vsn/pkg/mongo/mongo.go:58.2,58.60 1 0
game_slots_vsn/pkg/mongo/mongo.go:58.60,59.13 1 0
game_slots_vsn/pkg/mongo/mongo.go:61.2,62.38 2 0
game_slots_vsn/pkg/mongo/mongo.go:66.69,68.2 1 0
game_slots_vsn/pkg/mongo/mongo.go:71.71,74.2 1 0
game_slots_vsn/pkg/mongo/mongo.go:76.152,78.2 1 0
game_slots_vsn/pkg/mongo/mongo.go:80.128,83.2 2 0
game_slots_vsn/pkg/mongo/mongo.go:86.63,89.2 1 0
game_slots_vsn/pkg/mongo/mongo.go:92.63,95.2 1 0
game_slots_vsn/pkg/mongo/mongo.go:98.63,101.2 1 0
game_slots_vsn/pkg/mongo/mongo.go:104.56,107.2 1 0
game_slots_vsn/pkg/mongo/mongo.go:110.41,113.2 1 0
game_slots_vsn/pkg/mongo/mongo.go:116.38,119.16 2 0
game_slots_vsn/pkg/mongo/mongo.go:119.16,121.3 1 0
game_slots_vsn/pkg/mongo/mongo.go:122.2,122.36 1 0
game_slots_vsn/pkg/mongo/mongo.go:126.71,132.16 5 0
game_slots_vsn/pkg/mongo/mongo.go:132.16,134.3 1 0
game_slots_vsn/pkg/mongo/mongo.go:135.2,136.20 2 0
game_slots_vsn/pkg/redis/redis.go:30.14,33.16 3 0
game_slots_vsn/pkg/redis/redis.go:33.16,34.13 1 0
game_slots_vsn/pkg/redis/redis.go:36.2,36.15 1 0
game_slots_vsn/pkg/redis/redis.go:39.28,42.16 3 0
game_slots_vsn/pkg/redis/redis.go:42.16,43.13 1 0
game_slots_vsn/pkg/redis/redis.go:45.2,45.15 1 0
game_slots_vsn/pkg/redis/redis.go:48.37,62.63 3 0
game_slots_vsn/pkg/redis/redis.go:62.63,64.5 1 0
game_slots_vsn/pkg/redis/redis.go:67.2,68.16 2 0
game_slots_vsn/pkg/redis/redis.go:68.16,69.13 1 0
game_slots_vsn/pkg/redis/redis.go:71.2,73.21 3 0
game_slots_vsn/pkg/redis/redis.go:76.50,78.16 2 0
game_slots_vsn/pkg/redis/redis.go:78.16,80.3 1 0
game_slots_vsn/pkg/redis/redis.go:81.2,81.14 1 0
game_slots_vsn/pkg/redis/redis.go:84.55,85.80 1 0
game_slots_vsn/pkg/redis/redis.go:85.80,87.3 1 0
game_slots_vsn/pkg/redis/redis.go:88.2,88.13 1 0
game_slots_vsn/pkg/redis/redis.go:91.69,93.16 2 0
game_slots_vsn/pkg/redis/redis.go:93.16,95.3 1 0
game_slots_vsn/pkg/redis/redis.go:96.2,96.14 1 0
game_slots_vsn/pkg/redis/redis.go:99.71,101.16 2 0
game_slots_vsn/pkg/redis/redis.go:101.16,103.3 1 0
game_slots_vsn/pkg/redis/redis.go:104.2,104.13 1 0
game_slots_vsn/pkg/redis/redis.go:107.59,109.16 2 0
game_slots_vsn/pkg/redis/redis.go:109.16,111.3 1 0
game_slots_vsn/pkg/redis/redis.go:112.2,112.13 1 0
game_slots_vsn/pkg/redis/redis.go:115.57,117.16 2 0
game_slots_vsn/pkg/redis/redis.go:117.16,119.3 1 0
game_slots_vsn/pkg/redis/redis.go:120.2,120.14 1 0
game_slots_vsn/pkg/redis/redis.go:123.64,125.16 2 0
game_slots_vsn/pkg/redis/redis.go:125.16,127.3 1 0
game_slots_vsn/pkg/redis/redis.go:128.2,128.14 1 0
game_slots_vsn/pkg/redis/redis.go:131.58,132.74 1 0
game_slots_vsn/pkg/redis/redis.go:132.74,134.3 1 0
game_slots_vsn/pkg/redis/redis.go:135.2,135.13 1 0
game_slots_vsn/pkg/redis/redis.go:138.58,139.74 1 0
game_slots_vsn/pkg/redis/redis.go:139.74,141.3 1 0
game_slots_vsn/pkg/redis/redis.go:142.2,142.13 1 0
game_slots_vsn/pkg/redis/redis.go:145.60,151.16 2 0
game_slots_vsn/pkg/redis/redis.go:151.16,153.3 1 0
game_slots_vsn/pkg/redis/redis.go:154.2,154.10 1 0
game_slots_vsn/pkg/redis/redis.go:157.67,159.70 2 0
game_slots_vsn/pkg/redis/redis.go:159.70,161.3 1 0
game_slots_vsn/pkg/redis/redis.go:162.2,162.20 1 0
game_slots_vsn/pkg/redis/redis.go:165.49,166.75 1 0
game_slots_vsn/pkg/redis/redis.go:166.75,168.3 1 0
game_slots_vsn/pkg/redis/redis.go:169.2,169.12 1 0
game_slots_vsn/pkg/redis/redis.go:172.43,173.68 1 0
game_slots_vsn/pkg/redis/redis.go:173.68,175.3 1 0
game_slots_vsn/pkg/redis/redis.go:176.2,176.13 1 0
game_slots_vsn/pkg/redis/redis.go:179.70,180.71 1 0
game_slots_vsn/pkg/redis/redis.go:180.71,182.3 1 0
game_slots_vsn/pkg/redis/redis.go:183.2,183.8 1 0
game_slots_vsn/pkg/redis/redis.go:186.73,188.103 2 0
game_slots_vsn/pkg/redis/redis.go:188.103,190.3 1 0
game_slots_vsn/pkg/redis/redis.go:191.2,191.22 1 0
game_slots_vsn/pkg/redis/redis.go:191.22,193.3 1 0
game_slots_vsn/pkg/redis/redis.go:194.2,195.8 2 0
game_slots_vsn/pkg/redis/redis.go:198.61,199.98 1 0
game_slots_vsn/pkg/redis/redis.go:199.98,201.3 1 0
game_slots_vsn/pkg/redis/redis.go:202.2,202.8 1 0
game_slots_vsn/pkg/redis/redis.go:205.70,206.80 1 0
game_slots_vsn/pkg/redis/redis.go:206.80,208.3 1 0
game_slots_vsn/pkg/redis/redis.go:209.2,209.12 1 0
game_slots_vsn/pkg/redis/redis.go:212.56,216.6 4 0
game_slots_vsn/pkg/redis/redis.go:216.6,218.17 2 0
game_slots_vsn/pkg/redis/redis.go:218.17,219.9 1 0
game_slots_vsn/pkg/redis/redis.go:221.3,222.17 2 0
game_slots_vsn/pkg/redis/redis.go:222.17,223.9 1 0
game_slots_vsn/pkg/redis/redis.go:226.2,226.8 1 0
game_slots_vsn/pkg/redis/redis.go:229.67,231.6 2 0
game_slots_vsn/pkg/redis/redis.go:231.6,234.3 2 0
game_slots_vsn/pkg/redis/redis.go:237.49,238.74 1 0
game_slots_vsn/pkg/redis/redis.go:238.74,240.3 1 0
game_slots_vsn/pkg/redis/redis.go:241.2,241.13 1 0
game_slots_vsn/pkg/redis/redis.go:244.67,246.69 2 0
game_slots_vsn/pkg/redis/redis.go:246.69,248.3 1 0
game_slots_vsn/pkg/redis/redis.go:249.2,249.20 1 0
game_slots_vsn/pkg/redis/redis.go:252.89,254.81 2 0
game_slots_vsn/pkg/redis/redis.go:254.81,256.3 1 0
game_slots_vsn/pkg/redis/redis.go:257.2,257.20 1 0
game_slots_vsn/pkg/redis/redis.go:260.99,262.16 2 0
game_slots_vsn/pkg/redis/redis.go:262.16,264.3 1 0
game_slots_vsn/pkg/redis/redis.go:265.2,265.8 1 0
game_slots_vsn/pkg/redis/redis.go:268.81,270.16 2 0
game_slots_vsn/pkg/redis/redis.go:270.16,272.3 1 0
game_slots_vsn/pkg/redis/redis.go:273.2,273.8 1 0
game_slots_vsn/pkg/redis/redis.go:276.43,278.2 1 0
game_slots_vsn/pkg/redis/redis.go:280.46,282.2 1 0
game_slots_vsn/pkg/redis/redis.go:284.44,286.2 1 0
game_slots_vsn/pkg/server/server.go:20.14,23.16 3 0
game_slots_vsn/pkg/server/server.go:23.16,24.13 1 0
game_slots_vsn/pkg/server/server.go:26.2,26.18 1 0
game_slots_vsn/pkg/server/server.go:29.37,32.2 2 0
game_slots_vsn/pkg/setting/setting.go:11.14,17.2 5 0
game_slots_vsn/pkg/utils/matchIP.go:16.30,21.2 2 0
game_slots_vsn/pkg/utils/matchIP.go:32.29,37.2 2 0
game_slots_vsn/internal/repository/redis/client.go:114.50,116.2 1 0
game_slots_vsn/internal/repository/redis/client.go:125.55,127.16 2 0
game_slots_vsn/internal/repository/redis/client.go:127.16,129.3 1 0
game_slots_vsn/internal/repository/redis/client.go:130.2,130.12 1 0
game_slots_vsn/internal/repository/redis/client.go:140.47,145.2 2 0
game_slots_vsn/internal/repository/redis/client.go:150.76,152.16 2 0
game_slots_vsn/internal/repository/redis/client.go:152.16,153.23 1 0
game_slots_vsn/internal/repository/redis/client.go:153.23,157.4 1 0
game_slots_vsn/internal/repository/redis/client.go:158.3,158.88 1 0
game_slots_vsn/internal/repository/redis/client.go:160.2,160.17 1 0
game_slots_vsn/internal/repository/redis/client.go:164.111,166.16 2 0
game_slots_vsn/internal/repository/redis/client.go:166.16,168.3 1 0
game_slots_vsn/internal/repository/redis/client.go:169.2,169.12 1 0
game_slots_vsn/internal/repository/redis/client.go:173.70,175.16 2 0
game_slots_vsn/internal/repository/redis/client.go:175.16,177.3 1 0
game_slots_vsn/internal/repository/redis/client.go:178.2,178.12 1 0
game_slots_vsn/internal/repository/redis/client.go:182.77,184.16 2 0
game_slots_vsn/internal/repository/redis/client.go:184.16,186.3 1 0
game_slots_vsn/internal/repository/redis/client.go:187.2,187.23 1 0
game_slots_vsn/internal/repository/redis/client.go:193.84,195.16 2 0
game_slots_vsn/internal/repository/redis/client.go:195.16,196.23 1 0
game_slots_vsn/internal/repository/redis/client.go:196.23,201.4 1 0
game_slots_vsn/internal/repository/redis/client.go:202.3,202.89 1 0
game_slots_vsn/internal/repository/redis/client.go:204.2,204.17 1 0
game_slots_vsn/internal/repository/redis/client.go:208.93,210.16 2 0
game_slots_vsn/internal/repository/redis/client.go:210.16,212.3 1 0
game_slots_vsn/internal/repository/redis/client.go:213.2,213.12 1 0
game_slots_vsn/internal/repository/redis/client.go:217.103,219.16 2 0
game_slots_vsn/internal/repository/redis/client.go:219.16,221.3 1 0
game_slots_vsn/internal/repository/redis/client.go:222.2,222.18 1 0
game_slots_vsn/internal/repository/redis/client.go:226.99,228.16 2 0
game_slots_vsn/internal/repository/redis/client.go:228.16,230.3 1 0
game_slots_vsn/internal/repository/redis/client.go:231.2,231.12 1 0
game_slots_vsn/internal/repository/redis/client.go:235.91,237.16 2 0
game_slots_vsn/internal/repository/redis/client.go:237.16,239.3 1 0
game_slots_vsn/internal/repository/redis/client.go:240.2,240.18 1 0
game_slots_vsn/internal/repository/redis/client.go:244.85,246.16 2 0
game_slots_vsn/internal/repository/redis/client.go:246.16,248.3 1 0
game_slots_vsn/internal/repository/redis/client.go:249.2,249.12 1 0
game_slots_vsn/internal/repository/redis/client.go:255.91,257.16 2 0
game_slots_vsn/internal/repository/redis/client.go:257.16,259.3 1 0
game_slots_vsn/internal/repository/redis/client.go:260.2,260.12 1 0
game_slots_vsn/internal/repository/redis/client.go:264.91,266.16 2 0
game_slots_vsn/internal/repository/redis/client.go:266.16,268.3 1 0
game_slots_vsn/internal/repository/redis/client.go:269.2,269.12 1 0
game_slots_vsn/internal/repository/redis/client.go:273.100,275.16 2 0
game_slots_vsn/internal/repository/redis/client.go:275.16,277.3 1 0
game_slots_vsn/internal/repository/redis/client.go:278.2,278.20 1 0
game_slots_vsn/internal/repository/redis/client.go:282.83,284.16 2 0
game_slots_vsn/internal/repository/redis/client.go:284.16,286.3 1 0
game_slots_vsn/internal/repository/redis/client.go:287.2,287.21 1 0
game_slots_vsn/internal/repository/redis/client.go:291.77,293.16 2 0
game_slots_vsn/internal/repository/redis/client.go:293.16,295.3 1 0
game_slots_vsn/internal/repository/redis/client.go:296.2,296.19 1 0
game_slots_vsn/internal/repository/redis/client.go:302.89,304.16 2 0
game_slots_vsn/internal/repository/redis/client.go:304.16,306.3 1 0
game_slots_vsn/internal/repository/redis/client.go:308.2,309.16 2 0
game_slots_vsn/internal/repository/redis/client.go:309.16,311.3 1 0
game_slots_vsn/internal/repository/redis/client.go:312.2,312.12 1 0
game_slots_vsn/internal/repository/redis/client.go:316.80,318.16 2 0
game_slots_vsn/internal/repository/redis/client.go:318.16,319.23 1 0
game_slots_vsn/internal/repository/redis/client.go:319.23,323.4 1 0
game_slots_vsn/internal/repository/redis/client.go:324.3,324.93 1 0
game_slots_vsn/internal/repository/redis/client.go:326.2,326.18 1 0
game_slots_vsn/internal/service/gm_service.go:25.61,29.2 1 1
game_slots_vsn/internal/service/gm_service.go:32.80,35.16 2 1
game_slots_vsn/internal/service/gm_service.go:35.16,37.3 1 1
game_slots_vsn/internal/service/gm_service.go:39.2,39.20 1 1
game_slots_vsn/internal/service/gm_service.go:43.88,45.19 1 1
game_slots_vsn/internal/service/gm_service.go:45.19,49.3 1 1
game_slots_vsn/internal/service/gm_service.go:52.2,52.42 1 1
game_slots_vsn/internal/service/gm_service.go:52.42,54.3 1 0
game_slots_vsn/internal/service/gm_service.go:57.2,57.35 1 1
game_slots_vsn/internal/service/gm_service.go:61.65,64.16 2 1
game_slots_vsn/internal/service/gm_service.go:64.16,66.98 1 1
game_slots_vsn/internal/service/gm_service.go:66.98,68.4 1 1
game_slots_vsn/internal/service/gm_service.go:68.9,70.4 1 0
game_slots_vsn/internal/service/gm_service.go:74.2,77.51 2 1
game_slots_vsn/internal/service/gm_service.go:77.51,79.3 1 0
game_slots_vsn/internal/service/gm_service.go:81.2,81.22 1 1
game_slots_vsn/internal/service/gm_service.go:85.68,88.16 2 1
game_slots_vsn/internal/service/gm_service.go:88.16,90.98 1 0
game_slots_vsn/internal/service/gm_service.go:90.98,92.4 1 0
game_slots_vsn/internal/service/gm_service.go:92.9,94.4 1 0
game_slots_vsn/internal/service/gm_service.go:98.2,101.51 2 1
game_slots_vsn/internal/service/gm_service.go:101.51,103.3 1 0
game_slots_vsn/internal/service/gm_service.go:105.2,105.22 1 1
game_slots_vsn/internal/service/gm_service.go:109.67,112.16 2 1
game_slots_vsn/internal/service/gm_service.go:112.16,114.3 1 0
game_slots_vsn/internal/service/gm_service.go:117.2,117.12 1 1
game_slots_vsn/internal/service/gm_service.go:117.12,119.3 1 1
game_slots_vsn/internal/service/gm_service.go:122.2,125.42 2 1
game_slots_vsn/internal/service/ip_whitelist_service.go:25.95,29.2 1 1
game_slots_vsn/internal/service/ip_whitelist_service.go:32.93,35.16 2 1
game_slots_vsn/internal/service/ip_whitelist_service.go:35.16,37.3 1 0
game_slots_vsn/internal/service/ip_whitelist_service.go:39.2,39.23 1 1
game_slots_vsn/internal/service/ip_whitelist_service.go:43.104,45.22 1 1
game_slots_vsn/internal/service/ip_whitelist_service.go:45.22,49.3 1 1
game_slots_vsn/internal/service/ip_whitelist_service.go:52.2,52.45 1 1
game_slots_vsn/internal/service/ip_whitelist_service.go:52.45,54.3 1 0
game_slots_vsn/internal/service/ip_whitelist_service.go:57.2,57.45 1 1
game_slots_vsn/internal/service/ip_whitelist_service.go:61.74,63.14 1 1
game_slots_vsn/internal/service/ip_whitelist_service.go:63.14,68.3 1 1
game_slots_vsn/internal/service/ip_whitelist_service.go:71.2,72.16 2 1
game_slots_vsn/internal/service/ip_whitelist_service.go:72.16,74.3 1 0
game_slots_vsn/internal/service/ip_whitelist_service.go:77.2,77.44 1 1
game_slots_vsn/internal/service/ip_whitelist_service.go:77.44,79.3 1 1
game_slots_vsn/internal/service/ip_whitelist_service.go:82.2,82.45 1 1
game_slots_vsn/internal/service/ip_whitelist_service.go:86.77,88.14 1 1
game_slots_vsn/internal/service/ip_whitelist_service.go:88.14,93.3 1 0
game_slots_vsn/internal/service/ip_whitelist_service.go:96.2,97.16 2 1
game_slots_vsn/internal/service/ip_whitelist_service.go:97.16,99.3 1 0
game_slots_vsn/internal/service/ip_whitelist_service.go:102.2,102.47 1 1
game_slots_vsn/internal/service/ip_whitelist_service.go:102.47,104.92 1 1
game_slots_vsn/internal/service/ip_whitelist_service.go:104.92,106.4 1 1
game_slots_vsn/internal/service/ip_whitelist_service.go:107.3,107.13 1 0
game_slots_vsn/internal/service/ip_whitelist_service.go:111.2,111.45 1 1
game_slots_vsn/internal/service/ip_whitelist_service.go:115.84,117.14 1 1
game_slots_vsn/internal/service/ip_whitelist_service.go:117.14,122.3 1 1
game_slots_vsn/internal/service/ip_whitelist_service.go:125.2,125.42 1 1
game_slots_vsn/internal/service/ip_whitelist_service.go:129.83,131.19 1 1
game_slots_vsn/internal/service/ip_whitelist_service.go:131.19,135.3 1 1
game_slots_vsn/internal/service/ip_whitelist_service.go:138.2,139.16 2 1
game_slots_vsn/internal/service/ip_whitelist_service.go:139.16,141.3 1 0
game_slots_vsn/internal/service/ip_whitelist_service.go:144.2,144.46 1 1
game_slots_vsn/internal/service/ip_whitelist_service.go:144.46,146.3 1 0
game_slots_vsn/internal/service/ip_whitelist_service.go:149.2,149.45 1 1
game_slots_vsn/internal/service/ip_whitelist_service.go:153.86,155.19 1 1
game_slots_vsn/internal/service/ip_whitelist_service.go:155.19,159.3 1 0
game_slots_vsn/internal/service/ip_whitelist_service.go:162.2,163.16 2 1
game_slots_vsn/internal/service/ip_whitelist_service.go:163.16,165.3 1 0
game_slots_vsn/internal/service/ip_whitelist_service.go:168.2,171.45 2 1
game_slots_vsn/internal/service/ip_whitelist_service.go:175.72,181.2 2 1
game_slots_vsn/internal/service/version_service.go:26.81,30.2 1 1
game_slots_vsn/internal/service/version_service.go:33.100,35.15 1 1
game_slots_vsn/internal/service/version_service.go:35.15,40.3 1 1
game_slots_vsn/internal/service/version_service.go:41.2,41.15 1 1
game_slots_vsn/internal/service/version_service.go:41.15,43.3 1 1
game_slots_vsn/internal/service/version_service.go:46.2,46.55 1 1
game_slots_vsn/internal/service/version_service.go:46.55,51.3 1 0
game_slots_vsn/internal/service/version_service.go:54.2,55.16 2 1
game_slots_vsn/internal/service/version_service.go:55.16,57.3 1 1
game_slots_vsn/internal/service/version_service.go:59.2,59.21 1 1
game_slots_vsn/internal/service/version_service.go:63.104,65.20 1 1
game_slots_vsn/internal/service/version_service.go:65.20,69.3 1 1
game_slots_vsn/internal/service/version_service.go:70.2,70.15 1 1
game_slots_vsn/internal/service/version_service.go:70.15,72.3 1 0
game_slots_vsn/internal/service/version_service.go:75.2,75.43 1 1
game_slots_vsn/internal/service/version_service.go:75.43,77.3 1 1
game_slots_vsn/internal/service/version_service.go:80.2,81.16 2 1
game_slots_vsn/internal/service/version_service.go:81.16,83.3 1 0
game_slots_vsn/internal/service/version_service.go:84.2,84.12 1 1
game_slots_vsn/internal/service/version_service.go:84.12,90.3 1 1
game_slots_vsn/internal/service/version_service.go:93.2,93.46 1 1
game_slots_vsn/internal/service/version_service.go:97.104,99.20 1 1
game_slots_vsn/internal/service/version_service.go:99.20,103.3 1 0
game_slots_vsn/internal/service/version_service.go:104.2,104.15 1 1
game_slots_vsn/internal/service/version_service.go:104.15,106.3 1 0
game_slots_vsn/internal/service/version_service.go:109.2,109.43 1 1
game_slots_vsn/internal/service/version_service.go:109.43,111.3 1 0
game_slots_vsn/internal/service/version_service.go:114.2,115.16 2 1
game_slots_vsn/internal/service/version_service.go:115.16,117.3 1 0
game_slots_vsn/internal/service/version_service.go:118.2,118.13 1 1
game_slots_vsn/internal/service/version_service.go:118.13,120.3 1 1
game_slots_vsn/internal/service/version_service.go:123.2,123.46 1 1
game_slots_vsn/internal/service/version_service.go:127.84,129.15 1 1
game_slots_vsn/internal/service/version_service.go:129.15,134.3 1 0
game_slots_vsn/internal/service/version_service.go:135.2,135.15 1 1
game_slots_vsn/internal/service/version_service.go:135.15,137.3 1 0
game_slots_vsn/internal/service/version_service.go:140.2,141.16 2 1
game_slots_vsn/internal/service/version_service.go:141.16,143.3 1 0
game_slots_vsn/internal/service/version_service.go:144.2,144.13 1 1
game_slots_vsn/internal/service/version_service.go:144.13,146.3 1 1
game_slots_vsn/internal/service/version_service.go:149.2,149.44 1 1
game_slots_vsn/internal/service/version_service.go:153.99,155.15 1 1
game_slots_vsn/internal/service/version_service.go:155.15,157.3 1 1
game_slots_vsn/internal/service/version_service.go:160.2,161.16 2 1
game_slots_vsn/internal/service/version_service.go:161.16,163.3 1 0
game_slots_vsn/internal/service/version_service.go:165.2,165.22 1 1
game_slots_vsn/internal/service/version_service.go:169.111,171.15 1 1
game_slots_vsn/internal/service/version_service.go:171.15,176.3 1 0
game_slots_vsn/internal/service/version_service.go:177.2,177.15 1 1
game_slots_vsn/internal/service/version_service.go:177.15,179.3 1 0
game_slots_vsn/internal/service/version_service.go:180.2,180.15 1 1
game_slots_vsn/internal/service/version_service.go:180.15,185.3 1 0
game_slots_vsn/internal/service/version_service.go:186.2,186.16 1 1
game_slots_vsn/internal/service/version_service.go:186.16,190.3 1 0
game_slots_vsn/internal/service/version_service.go:193.2,193.39 1 1
game_slots_vsn/internal/service/version_service.go:193.39,195.3 1 1
game_slots_vsn/internal/service/version_service.go:198.2,199.16 2 1
game_slots_vsn/internal/service/version_service.go:199.16,201.3 1 0
game_slots_vsn/internal/service/version_service.go:204.2,204.55 1 1
game_slots_vsn/internal/service/version_service.go:204.55,206.3 1 0
game_slots_vsn/internal/service/version_service.go:209.2,209.46 1 1
game_slots_vsn/internal/service/version_service.go:213.91,215.15 1 1
game_slots_vsn/internal/service/version_service.go:215.15,220.3 1 0
game_slots_vsn/internal/service/version_service.go:221.2,221.15 1 1
game_slots_vsn/internal/service/version_service.go:221.15,223.3 1 0
game_slots_vsn/internal/service/version_service.go:224.2,224.15 1 1
game_slots_vsn/internal/service/version_service.go:224.15,229.3 1 0
game_slots_vsn/internal/service/version_service.go:232.2,233.16 2 1
game_slots_vsn/internal/service/version_service.go:233.16,235.3 1 0
game_slots_vsn/internal/service/version_service.go:238.2,238.32 1 1
game_slots_vsn/internal/service/version_service.go:238.32,240.3 1 1
game_slots_vsn/internal/service/version_service.go:243.2,246.46 2 1
game_slots_vsn/pkg/errcode/errors.go:33.35,35.2 1 1
game_slots_vsn/pkg/errcode/errors.go:52.74,56.2 3 1
game_slots_vsn/pkg/errcode/errors.go:70.54,74.2 3 1
game_slots_vsn/pkg/errcode/errors.go:346.43,352.2 1 1
game_slots_vsn/pkg/errcode/errors.go:366.56,375.2 1 1
game_slots_vsn/pkg/errcode/errors.go:389.61,400.2 1 1
game_slots_vsn/pkg/errcode/errors.go:414.42,422.2 1 1
game_slots_vsn/pkg/errcode/errors.go:439.33,442.2 2 1
game_slots_vsn/pkg/errcode/errors.go:459.46,460.16 1 1
game_slots_vsn/pkg/errcode/errors.go:460.16,462.3 1 1
game_slots_vsn/pkg/errcode/errors.go:463.2,463.39 1 1
game_slots_vsn/pkg/errcode/errors.go:463.39,465.3 1 1
game_slots_vsn/pkg/errcode/errors.go:466.2,466.19 1 1
game_slots_vsn/pkg/errcode/errors.go:481.37,482.51 1 1
game_slots_vsn/pkg/errcode/errors.go:482.51,484.3 1 1
game_slots_vsn/pkg/errcode/errors.go:485.2,485.12 1 1
game_slots_vsn/pkg/errcode/errors.go:502.36,504.2 1 1
game_slots_vsn/pkg/errcode/errors.go:519.37,521.2 1 1
game_slots_vsn/pkg/errcode/response.go:44.53,45.41 1 1
game_slots_vsn/pkg/errcode/response.go:45.41,47.3 1 1
game_slots_vsn/pkg/errcode/response.go:66.50,67.16 1 1
game_slots_vsn/pkg/errcode/response.go:67.16,75.3 2 1
game_slots_vsn/pkg/errcode/response.go:78.2,78.39 1 1
game_slots_vsn/pkg/errcode/response.go:78.39,80.18 2 1
game_slots_vsn/pkg/errcode/response.go:80.18,82.4 1 0
game_slots_vsn/pkg/errcode/response.go:85.3,94.9 3 1
game_slots_vsn/pkg/errcode/response.go:98.2,103.4 1 1
game_slots_vsn/pkg/errcode/response.go:119.59,123.2 1 1
game_slots_vsn/pkg/errcode/response.go:136.80,140.2 1 1
game_slots_vsn/pkg/errcode/response.go:152.59,156.2 1 1
game_slots_vsn/pkg/errcode/response.go:167.43,169.2 1 1
game_slots_vsn/pkg/errcode/response.go:181.60,188.2 1 1
game_slots_vsn/pkg/errcode/response.go:200.58,207.2 1 1
game_slots_vsn/pkg/errcode/response.go:219.63,226.2 1 1
game_slots_vsn/pkg/errcode/response.go:241.57,248.2 1 1
game_slots_vsn/pkg/ggeoip/ggeoip.go:26.14,29.16 3 0
game_slots_vsn/pkg/ggeoip/ggeoip.go:29.16,30.13 1 0
game_slots_vsn/pkg/ggeoip/ggeoip.go:32.2,32.22 1 0
game_slots_vsn/pkg/ggeoip/ggeoip.go:35.35,38.16 3 0
game_slots_vsn/pkg/ggeoip/ggeoip.go:38.16,42.3 3 0
game_slots_vsn/pkg/ggeoip/ggeoip.go:42.8,44.3 1 0
game_slots_vsn/pkg/ggeoip/ggeoip.go:45.2,56.13 4 0
game_slots_vsn/pkg/ggeoip/ggeoip.go:59.25,61.2 1 0
game_slots_vsn/pkg/ggeoip/ggeoip.go:63.48,65.2 1 0
game_slots_vsn/pkg/ggeoip/ggeoip.go:67.76,69.2 1 0
game_slots_vsn/pkg/utils/matchIP.go:16.30,21.2 2 0
game_slots_vsn/pkg/utils/matchIP.go:32.29,37.2 2 0
game_slots_vsn/pkg/httputil/middleware.go:25.34,26.30 1 1
game_slots_vsn/pkg/httputil/middleware.go:26.30,31.22 2 1
game_slots_vsn/pkg/httputil/middleware.go:31.22,33.4 1 1
game_slots_vsn/pkg/httputil/middleware.go:36.3,41.11 3 1
game_slots_vsn/pkg/httputil/middleware.go:58.42,59.52 1 1
game_slots_vsn/pkg/httputil/middleware.go:59.52,60.39 1 1
game_slots_vsn/pkg/httputil/middleware.go:60.39,62.4 1 1
game_slots_vsn/pkg/httputil/middleware.go:64.2,64.11 1 1
game_slots_vsn/pkg/httputil/middleware.go:68.33,70.2 1 1
game_slots_vsn/pkg/httputil/reader.go:40.55,42.2 1 1
game_slots_vsn/pkg/httputil/reader.go:58.79,59.14 1 1
game_slots_vsn/pkg/httputil/reader.go:59.14,61.3 1 1
game_slots_vsn/pkg/httputil/reader.go:63.2,63.19 1 1
game_slots_vsn/pkg/httputil/reader.go:63.19,65.3 1 1
game_slots_vsn/pkg/httputil/reader.go:68.2,71.16 3 1
game_slots_vsn/pkg/httputil/reader.go:71.16,73.3 1 0
game_slots_vsn/pkg/httputil/reader.go:76.2,76.32 1 1
game_slots_vsn/pkg/httputil/reader.go:76.32,78.3 1 1
game_slots_vsn/pkg/httputil/reader.go:80.2,80.18 1 1
game_slots_vsn/pkg/log/log.go:58.37,60.17 1 1
game_slots_vsn/pkg/log/log.go:60.17,62.3 1 1
game_slots_vsn/pkg/log/log.go:65.2,66.62 2 1
game_slots_vsn/pkg/log/log.go:66.62,68.3 1 1
game_slots_vsn/pkg/log/log.go:71.2,96.12 5 1
game_slots_vsn/pkg/log/log.go:109.26,110.25 1 1
game_slots_vsn/pkg/log/log.go:110.25,113.3 1 1
game_slots_vsn/pkg/log/log.go:114.2,114.21 1 1
game_slots_vsn/pkg/log/log.go:127.53,129.2 1 1
game_slots_vsn/pkg/log/log.go:141.52,143.2 1 1
game_slots_vsn/pkg/log/log.go:155.52,157.2 1 1
game_slots_vsn/pkg/log/log.go:169.53,171.2 1 1
game_slots_vsn/pkg/log/log.go:183.53,185.2 1 0
game_slots_vsn/pkg/log/log.go:200.58,204.2 1 1
game_slots_vsn/pkg/log/log.go:219.48,223.2 1 1
game_slots_vsn/pkg/log/log.go:234.31,236.2 1 0
game_slots_vsn/pkg/log/log.go:241.41,243.2 1 1
game_slots_vsn/pkg/log/log.go:246.40,248.2 1 1
game_slots_vsn/pkg/log/log.go:251.40,253.2 1 1
game_slots_vsn/pkg/log/log.go:256.41,258.2 1 1
game_slots_vsn/pkg/log/log.go:261.41,263.2 1 0
game_slots_vsn/pkg/log/log.go:266.46,268.2 1 1
game_slots_vsn/pkg/log/log.go:271.36,273.2 1 1
game_slots_vsn/pkg/log/log.go:276.19,277.25 1 0
game_slots_vsn/pkg/log/log.go:277.25,279.3 1 0
game_slots_vsn/pkg/log/log.go:280.2,280.12 1 0
game_slots_vsn/pkg/log/log.go:296.38,298.2 1 1
game_slots_vsn/pkg/log/log.go:311.39,313.2 1 1
game_slots_vsn/pkg/log/log.go:316.43,318.2 1 1
game_slots_vsn/pkg/log/log.go:321.47,323.2 1 1
game_slots_vsn/pkg/log/log.go:326.41,328.2 1 1
game_slots_vsn/pkg/log/log.go:343.47,345.2 1 1
game_slots_vsn/pkg/log/log.go:359.33,360.16 1 1
game_slots_vsn/pkg/log/log.go:360.16,362.3 1 1
game_slots_vsn/pkg/log/log.go:363.2,363.48 1 1
game_slots_vsn/pkg/log/log.go:371.49,373.27 2 1
game_slots_vsn/pkg/log/log.go:373.27,375.3 1 1
game_slots_vsn/pkg/log/log.go:376.2,376.15 1 1
game_slots_vsn/pkg/jsonutil/json.go:30.45,31.14 1 1
game_slots_vsn/pkg/jsonutil/json.go:31.14,33.3 1 1
game_slots_vsn/pkg/jsonutil/json.go:35.2,36.16 2 1
game_slots_vsn/pkg/jsonutil/json.go:36.16,38.3 1 0
game_slots_vsn/pkg/jsonutil/json.go:40.2,40.18 1 1
game_slots_vsn/pkg/jsonutil/json.go:56.51,57.14 1 1
game_slots_vsn/pkg/jsonutil/json.go:57.14,59.3 1 1
game_slots_vsn/pkg/jsonutil/json.go:61.2,62.16 2 1
game_slots_vsn/pkg/jsonutil/json.go:62.16,64.3 1 0
game_slots_vsn/pkg/jsonutil/json.go:66.2,66.18 1 1
game_slots_vsn/pkg/jsonutil/json.go:82.50,83.35 1 1
game_slots_vsn/pkg/jsonutil/json.go:83.35,85.3 1 1
game_slots_vsn/pkg/jsonutil/json.go:87.2,87.14 1 1
game_slots_vsn/pkg/jsonutil/json.go:87.14,89.3 1 1
game_slots_vsn/pkg/jsonutil/json.go:91.2,92.16 2 1
game_slots_vsn/pkg/jsonutil/json.go:92.16,94.3 1 1
game_slots_vsn/pkg/jsonutil/json.go:96.2,96.12 1 1
game_slots_vsn/pkg/jsonutil/json.go:112.53,114.16 2 1
game_slots_vsn/pkg/jsonutil/json.go:114.16,116.3 1 1
game_slots_vsn/pkg/jsonutil/json.go:117.2,117.26 1 1
game_slots_vsn/pkg/jsonutil/json.go:133.59,135.2 1 1
game_slots_vsn/pkg/validator/validator.go:47.40,48.15 1 1
game_slots_vsn/pkg/validator/validator.go:48.15,50.3 1 1
game_slots_vsn/pkg/validator/validator.go:52.2,52.36 1 1
game_slots_vsn/pkg/validator/validator.go:52.36,54.3 1 1
game_slots_vsn/pkg/validator/validator.go:56.2,56.12 1 1
game_slots_vsn/pkg/validator/validator.go:73.45,75.2 1 1
game_slots_vsn/pkg/validator/validator.go:89.39,90.18 1 1
game_slots_vsn/pkg/validator/validator.go:90.18,92.3 1 1
game_slots_vsn/pkg/validator/validator.go:95.2,96.16 2 1
game_slots_vsn/pkg/validator/validator.go:96.16,98.3 1 0
game_slots_vsn/pkg/validator/validator.go:101.2,101.28 1 1
game_slots_vsn/pkg/validator/validator.go:101.28,103.3 1 1
game_slots_vsn/pkg/validator/validator.go:105.2,105.63 1 1
game_slots_vsn/pkg/validator/validator.go:105.63,107.3 1 1
game_slots_vsn/pkg/validator/validator.go:110.2,110.26 1 1
game_slots_vsn/pkg/validator/validator.go:110.26,112.3 1 1
game_slots_vsn/pkg/validator/validator.go:114.2,114.12 1 1
game_slots_vsn/pkg/validator/validator.go:129.43,130.18 1 1
game_slots_vsn/pkg/validator/validator.go:130.18,132.3 1 1
game_slots_vsn/pkg/validator/validator.go:134.2,134.35 1 1
game_slots_vsn/pkg/validator/validator.go:134.35,136.3 1 1
game_slots_vsn/pkg/validator/validator.go:138.2,138.12 1 1
game_slots_vsn/pkg/validator/validator.go:153.36,154.15 1 1
game_slots_vsn/pkg/validator/validator.go:154.15,156.3 1 1
game_slots_vsn/pkg/validator/validator.go:158.2,163.21 2 1
game_slots_vsn/pkg/validator/validator.go:163.21,165.3 1 1
game_slots_vsn/pkg/validator/validator.go:167.2,167.12 1 1
game_slots_vsn/pkg/validator/validator.go:182.34,183.14 1 1
game_slots_vsn/pkg/validator/validator.go:183.14,185.3 1 1
game_slots_vsn/pkg/validator/validator.go:188.2,189.21 2 1
game_slots_vsn/pkg/validator/validator.go:189.21,191.3 1 1
game_slots_vsn/pkg/validator/validator.go:193.2,193.12 1 1
game_slots_vsn/pkg/validator/validator.go:209.40,210.14 1 0
game_slots_vsn/pkg/validator/validator.go:210.14,212.3 1 0
game_slots_vsn/pkg/validator/validator.go:215.2,215.28 1 0
game_slots_vsn/pkg/validator/validator.go:215.28,217.3 1 0
game_slots_vsn/pkg/validator/validator.go:220.2,221.16 2 0
game_slots_vsn/pkg/validator/validator.go:221.16,223.3 1 0
game_slots_vsn/pkg/validator/validator.go:225.2,225.12 1 0
game_slots_vsn/pkg/validator/validator.go:240.38,241.16 1 0
game_slots_vsn/pkg/validator/validator.go:241.16,243.3 1 0
game_slots_vsn/pkg/validator/validator.go:245.2,246.16 2 0
game_slots_vsn/pkg/validator/validator.go:246.16,248.3 1 0
game_slots_vsn/pkg/validator/validator.go:250.2,250.12 1 0
game_slots_vsn/pkg/validator/validator.go:266.56,267.14 1 1
game_slots_vsn/pkg/validator/validator.go:267.14,269.3 1 1
game_slots_vsn/pkg/validator/validator.go:271.2,271.36 1 1
game_slots_vsn/pkg/validator/validator.go:271.36,273.3 1 1
game_slots_vsn/pkg/validator/validator.go:275.2,275.12 1 1
game_slots_vsn/pkg/version/version.go:53.49,54.22 1 1
game_slots_vsn/pkg/version/version.go:54.22,56.3 1 1
game_slots_vsn/pkg/version/version.go:58.2,59.20 2 1
game_slots_vsn/pkg/version/version.go:59.20,61.3 1 1
game_slots_vsn/pkg/version/version.go:63.2,68.22 5 1
game_slots_vsn/pkg/version/version.go:68.22,70.3 1 1
game_slots_vsn/pkg/version/version.go:72.2,77.8 1 1
game_slots_vsn/pkg/version/version.go:90.35,91.17 1 1
game_slots_vsn/pkg/version/version.go:91.17,93.3 1 1
game_slots_vsn/pkg/version/version.go:94.2,94.59 1 1
game_slots_vsn/pkg/version/version.go:111.47,112.28 1 1
game_slots_vsn/pkg/version/version.go:112.28,113.28 1 1
game_slots_vsn/pkg/version/version.go:113.28,115.4 1 1
game_slots_vsn/pkg/version/version.go:116.3,116.11 1 1
game_slots_vsn/pkg/version/version.go:119.2,119.28 1 1
game_slots_vsn/pkg/version/version.go:119.28,120.28 1 1
game_slots_vsn/pkg/version/version.go:120.28,122.4 1 0
game_slots_vsn/pkg/version/version.go:123.3,123.11 1 1
game_slots_vsn/pkg/version/version.go:126.2,126.28 1 1
game_slots_vsn/pkg/version/version.go:126.28,127.28 1 1
game_slots_vsn/pkg/version/version.go:127.28,129.4 1 1
game_slots_vsn/pkg/version/version.go:130.3,130.11 1 1
game_slots_vsn/pkg/version/version.go:133.2,133.28 1 1
game_slots_vsn/pkg/version/version.go:133.28,134.28 1 1
game_slots_vsn/pkg/version/version.go:134.28,136.4 1 0
game_slots_vsn/pkg/version/version.go:137.3,137.11 1 1
game_slots_vsn/pkg/version/version.go:140.2,140.10 1 1
game_slots_vsn/pkg/version/version.go:157.52,159.2 1 1
game_slots_vsn/pkg/version/version.go:175.49,177.2 1 1
game_slots_vsn/pkg/version/version.go:193.46,195.2 1 1
game_slots_vsn/pkg/version/version.go:211.59,213.2 1 1
game_slots_vsn/pkg/version/version.go:229.56,231.2 1 1
game_slots_vsn/pkg/version/version.go:249.44,251.16 2 1
game_slots_vsn/pkg/version/version.go:251.16,252.13 1 1
game_slots_vsn/pkg/version/version.go:254.2,254.10 1 1
game_slots_vsn/pkg/version/version.go:271.49,273.16 2 1
game_slots_vsn/pkg/version/version.go:273.16,275.3 1 1
game_slots_vsn/pkg/version/version.go:277.2,278.16 2 1
game_slots_vsn/pkg/version/version.go:278.16,280.3 1 1
game_slots_vsn/pkg/version/version.go:282.2,282.40 1 1
game_slots_vsn/pkg/version/version.go:299.38,301.2 1 1
game_slots_vsn/pkg/version/version.go:319.42,327.2 4 1
game_slots_vsn/internal/handler/base.go:33.59,37.2 1 1
game_slots_vsn/internal/handler/base.go:46.59,50.2 1 1
game_slots_vsn/internal/handler/base.go:58.43,60.2 1 1
game_slots_vsn/internal/handler/base.go:69.50,71.47 1 1
game_slots_vsn/internal/handler/base.go:71.47,73.48 1 1
game_slots_vsn/internal/handler/base.go:73.48,75.4 1 0
game_slots_vsn/internal/handler/base.go:77.3,84.9 2 1
game_slots_vsn/internal/handler/base.go:88.2,93.4 1 0
game_slots_vsn/internal/handler/base.go:108.59,109.46 1 1
game_slots_vsn/internal/handler/base.go:109.46,114.3 2 0
game_slots_vsn/internal/handler/base.go:115.2,115.13 1 1
game_slots_vsn/internal/handler/base.go:128.60,129.47 1 1
game_slots_vsn/internal/handler/base.go:129.47,134.3 2 0
game_slots_vsn/internal/handler/base.go:135.2,135.13 1 1
game_slots_vsn/internal/handler/base.go:148.58,149.45 1 0
game_slots_vsn/internal/handler/base.go:149.45,154.3 2 0
game_slots_vsn/internal/handler/base.go:155.2,155.13 1 0
game_slots_vsn/internal/handler/base.go:232.38,233.12 1 0
game_slots_vsn/internal/handler/base.go:233.12,235.3 1 0
game_slots_vsn/internal/handler/base.go:236.2,237.12 2 0
game_slots_vsn/internal/handler/base.go:237.12,240.3 2 0
game_slots_vsn/internal/handler/base.go:241.2,241.15 1 0
game_slots_vsn/internal/handler/admin/gm_handler.go:28.59,32.2 1 1
[...]
game_slots_vsn/internal/handler/admin/ip_whitelist_handler.go:176.58,178.38 2 0
game_slots_vsn/internal/handler/admin/ip_whitelist_handler.go:178.38,180.3 1 0
game_slots_vsn/internal/handler/admin/ip_whitelist_handler.go:183.2,183.85 1 0
game_slots_vsn/internal/handler/admin/ip_whitelist_handler.go:183.85,186.3 2 0
game_slots_vsn/internal/handler/admin/ip_whitelist_handler.go:188.2,190.4 1 0
game_slots_vsn/internal/handler/admin/ip_whitelist_handler.go:204.61,206.38 2 0
game_slots_vsn/internal/handler/admin/ip_whitelist_handler.go:206.38,208.3 1 0
game_slots_vsn/internal/handler/admin/ip_whitelist_handler.go:211.2,211.88 1 0
game_slots_vsn/internal/handler/admin/ip_whitelist_handler.go:211.88,214.3 2 0
game_slots_vsn/internal/handler/admin/ip_whitelist_handler.go:216.2,218.4 1 0
game_slots_vsn/internal/handler/admin/ip_whitelist_handler.go:229.61,231.79 1 0
game_slots_vsn/internal/handler/admin/ip_whitelist_handler.go:231.79,234.3 2 0
game_slots_vsn/internal/handler/admin/ip_whitelist_handler.go:236.2,238.4 1 0
game_slots_vsn/internal/handler/api/version_handler.go:29.79,33.2 1 1
game_slots_vsn/internal/handler/api/version_handler.go:48.53,50.39 2 1
game_slots_vsn/internal/handler/api/version_handler.go:50.39,52.3 1 0
game_slots_vsn/internal/handler/api/version_handler.go:55.2,56.16 2 1
game_slots_vsn/internal/handler/api/version_handler.go:56.16,59.3 2 1
game_slots_vsn/internal/handler/api/version_handler.go:61.2,61.40 1 1
game_slots_vsn/internal/handler/api/version_handler.go:80.56,82.39 2 1
game_slots_vsn/internal/handler/api/version_handler.go:82.39,84.3 1 0
game_slots_vsn/internal/handler/api/version_handler.go:86.2,87.42 2 1
game_slots_vsn/internal/handler/api/version_handler.go:87.42,89.3 1 0
game_slots_vsn/internal/handler/api/version_handler.go:92.2,92.95 1 1
game_slots_vsn/internal/handler/api/version_handler.go:92.95,95.3 2 0
game_slots_vsn/internal/handler/api/version_handler.go:97.2,99.4 1 1
game_slots_vsn/internal/handler/api/version_handler.go:116.56,118.15 2 0
game_slots_vsn/internal/handler/api/version_handler.go:118.15,124.3 2 0
game_slots_vsn/internal/handler/api/version_handler.go:126.2,127.39 2 0
game_slots_vsn/internal/handler/api/version_handler.go:127.39,129.3 1 0
game_slots_vsn/internal/handler/api/version_handler.go:131.2,132.42 2 0
game_slots_vsn/internal/handler/api/version_handler.go:132.42,134.3 1 0
game_slots_vsn/internal/handler/api/version_handler.go:137.2,140.95 2 0
game_slots_vsn/internal/handler/api/version_handler.go:140.95,143.3 2 0
game_slots_vsn/internal/handler/api/version_handler.go:145.2,147.4 1 0
game_slots_vsn/internal/handler/api/version_handler.go:162.56,164.15 2 1
game_slots_vsn/internal/handler/api/version_handler.go:164.15,170.3 2 0
game_slots_vsn/internal/handler/api/version_handler.go:172.2,173.39 2 1
game_slots_vsn/internal/handler/api/version_handler.go:173.39,175.3 1 0
game_slots_vsn/internal/handler/api/version_handler.go:178.2,178.90 1 1
game_slots_vsn/internal/handler/api/version_handler.go:178.90,181.3 2 0
game_slots_vsn/internal/handler/api/version_handler.go:183.2,183.33 1 1
game_slots_vsn/internal/handler/api/version_handler.go:196.55,198.39 2 1
game_slots_vsn/internal/handler/api/version_handler.go:198.39,200.3 1 0
game_slots_vsn/internal/handler/api/version_handler.go:203.2,204.16 2 1
game_slots_vsn/internal/handler/api/version_handler.go:204.16,207.3 2 0
game_slots_vsn/internal/handler/api/version_handler.go:209.2,212.4 1 1
game_slots_vsn/internal/handler/api/version_handler.go:230.55,232.15 2 0
game_slots_vsn/internal/handler/api/version_handler.go:232.15,238.3 2 0
game_slots_vsn/internal/handler/api/version_handler.go:240.2,241.39 2 0
game_slots_vsn/internal/handler/api/version_handler.go:241.39,243.3 1 0
game_slots_vsn/internal/handler/api/version_handler.go:246.2,249.103 2 0
game_slots_vsn/internal/handler/api/version_handler.go:249.103,252.3 2 0
game_slots_vsn/internal/handler/api/version_handler.go:254.2,256.4 1 0
game_slots_vsn/internal/handler/api/version_handler.go:272.58,274.15 2 0
game_slots_vsn/internal/handler/api/version_handler.go:274.15,280.3 2 0
game_slots_vsn/internal/handler/api/version_handler.go:282.2,283.39 2 0
game_slots_vsn/internal/handler/api/version_handler.go:283.39,285.3 1 0
game_slots_vsn/internal/handler/api/version_handler.go:288.2,288.101 1 0
game_slots_vsn/internal/handler/api/version_handler.go:288.101,291.3 2 0
game_slots_vsn/internal/handler/api/version_handler.go:293.2,293.33 1 0
game_slots_vsn/internal/http/health.go:40.84,46.2 1 1
game_slots_vsn/internal/http/health.go:66.46,70.2 3 0
game_slots_vsn/internal/http/health.go:76.40,80.2 3 1
game_slots_vsn/internal/http/health.go:91.66,103.2 4 1
game_slots_vsn/internal/http/health.go:109.50,113.2 1 1
game_slots_vsn/internal/http/health.go:119.51,120.18 1 1
game_slots_vsn/internal/http/health.go:120.18,126.3 3 0
game_slots_vsn/internal/http/health.go:129.2,132.48 3 1
game_slots_vsn/internal/http/health.go:132.48,139.3 3 0
game_slots_vsn/internal/http/health.go:141.2,143.4 1 1
game_slots_vsn/internal/http/health.go:149.48,157.48 5 1
game_slots_vsn/internal/http/health.go:157.48,163.3 2 0
game_slots_vsn/internal/http/health.go:163.8,168.3 1 1
game_slots_vsn/internal/http/health.go:171.2,171.18 1 1
game_slots_vsn/internal/http/health.go:171.18,177.3 2 0
game_slots_vsn/internal/http/health.go:177.8,182.3 1 1
game_slots_vsn/internal/http/health.go:185.2,189.34 3 1
game_slots_vsn/internal/http/health.go:189.34,191.3 1 0
game_slots_vsn/internal/http/health.go:193.2,198.4 1 1
game_slots_vsn/internal/http/health.go:204.46,209.2 1 1
game_slots_vsn/internal/http/middleware.go:19.61,20.72 1 1
game_slots_vsn/internal/http/middleware.go:20.72,36.3 3 0
game_slots_vsn/internal/http/middleware.go:42.59,43.30 1 1
game_slots_vsn/internal/http/middleware.go:43.30,63.3 7 1
game_slots_vsn/internal/http/middleware.go:69.39,70.30 1 1
game_slots_vsn/internal/http/middleware.go:70.30,78.36 6 1
game_slots_vsn/internal/http/middleware.go:78.36,81.4 2 0
game_slots_vsn/internal/http/middleware.go:83.3,83.11 1 1
game_slots_vsn/internal/http/server.go:66.11,89.2 7 1
game_slots_vsn/internal/http/server.go:94.32,111.2 7 1
game_slots_vsn/internal/http/server.go:114.69,116.2 2 1
game_slots_vsn/internal/http/server.go:116.2,127.3 7 1
game_slots_vsn/internal/http/server.go:131.107,133.2 2 1
game_slots_vsn/internal/http/server.go:133.2,136.3 2 1
game_slots_vsn/internal/http/server.go:136.3,142.4 5 1
game_slots_vsn/internal/http/server.go:145.3,146.3 2 1
game_slots_vsn/internal/http/server.go:146.3,155.4 8 1
game_slots_vsn/internal/http/server.go:165.32,183.81 4 0
game_slots_vsn/internal/http/server.go:183.81,185.3 1 0
game_slots_vsn/internal/http/server.go:187.2,187.12 1 0
game_slots_vsn/internal/http/server.go:196.54,204.55 4 0
game_slots_vsn/internal/http/server.go:204.55,206.3 1 0
game_slots_vsn/internal/http/server.go:208.2,209.12 2 0
game_slots_vsn/internal/http/server.go:218.42,220.2 1 1
game_slots_vsn/internal/http/server.go:231.37,232.12 1 0
game_slots_vsn/internal/http/server.go:232.12,234.3 1 0
game_slots_vsn/internal/http/server.go:235.2,236.12 2 0
game_slots_vsn/internal/http/server.go:236.12,239.3 2 0
game_slots_vsn/internal/http/server.go:240.2,240.15 1 0
game_slots_vsn/internal/repository/redis/client.go:114.50,116.2 1 0
game_slots_vsn/internal/repository/redis/client.go:125.55,127.16 2 1
game_slots_vsn/internal/repository/redis/client.go:127.16,129.3 1 0
game_slots_vsn/internal/repository/redis/client.go:130.2,130.12 1 1
game_slots_vsn/internal/repository/redis/client.go:140.47,145.2 2 1
game_slots_vsn/internal/repository/redis/client.go:150.76,152.16 2 0
game_slots_vsn/internal/repository/redis/client.go:152.16,153.23 1 0
game_slots_vsn/internal/repository/redis/client.go:153.23,157.4 1 0
game_slots_vsn/internal/repository/redis/client.go:158.3,158.88 1 0
game_slots_vsn/internal/repository/redis/client.go:160.2,160.17 1 0
game_slots_vsn/internal/repository/redis/client.go:164.111,166.16 2 1
game_slots_vsn/internal/repository/redis/client.go:166.16,168.3 1 0
game_slots_vsn/internal/repository/redis/client.go:169.2,169.12 1 1
game_slots_vsn/internal/repository/redis/client.go:173.70,175.16 2 1
game_slots_vsn/internal/repository/redis/client.go:175.16,177.3 1 0
game_slots_vsn/internal/repository/redis/client.go:178.2,178.12 1 1
game_slots_vsn/internal/repository/redis/client.go:182.77,184.16 2 1
game_slots_vsn/internal/repository/redis/client.go:184.16,186.3 1 0
game_slots_vsn/internal/repository/redis/client.go:187.2,187.23 1 1
game_slots_vsn/internal/repository/redis/client.go:193.84,195.16 2 0
game_slots_vsn/internal/repository/redis/client.go:195.16,196.23 1 0
game_slots_vsn/internal/repository/redis/client.go:196.23,201.4 1 0
game_slots_vsn/internal/repository/redis/client.go:202.3,202.89 1 0
game_slots_vsn/internal/repository/redis/client.go:204.2,204.17 1 0
game_slots_vsn/internal/repository/redis/client.go:208.93,210.16 2 0
game_slots_vsn/internal/repository/redis/client.go:210.16,212.3 1 0
game_slots_vsn/internal/repository/redis/client.go:213.2,213.12 1 0
game_slots_vsn/internal/repository/redis/client.go:217.103,219.16 2 0
game_slots_vsn/internal/repository/redis/client.go:219.16,221.3 1 0
game_slots_vsn/internal/repository/redis/client.go:222.2,222.18 1 0
game_slots_vsn/internal/repository/redis/client.go:226.99,228.16 2 0
game_slots_vsn/internal/repository/redis/client.go:228.16,230.3 1 0
game_slots_vsn/internal/repository/redis/client.go:231.2,231.12 1 0
game_slots_vsn/internal/repository/redis/client.go:235.91,237.16 2 0
game_slots_vsn/internal/repository/redis/client.go:237.16,239.3 1 0
game_slots_vsn/internal/repository/redis/client.go:240.2,240.18 1 0
game_slots_vsn/internal/repository/redis/client.go:244.85,246.16 2 0
game_slots_vsn/internal/repository/redis/client.go:246.16,248.3 1 0
game_slots_vsn/internal/repository/redis/client.go:249.2,249.12 1 0
game_slots_vsn/internal/repository/redis/client.go:255.91,257.16 2 1
game_slots_vsn/internal/repository/redis/client.go:257.16,259.3 1 0
game_slots_vsn/internal/repository/redis/client.go:260.2,260.12 1 1
game_slots_vsn/internal/repository/redis/client.go:264.91,266.16 2 1
game_slots_vsn/internal/repository/redis/client.go:266.16,268.3 1 0
game_slots_vsn/internal/repository/redis/client.go:269.2,269.12 1 1
game_slots_vsn/internal/repository/redis/client.go:273.100,275.16 2 0
game_slots_vsn/internal/repository/redis/client.go:275.16,277.3 1 0
game_slots_vsn/internal/repository/redis/client.go:278.2,278.20 1 0
game_slots_vsn/internal/repository/redis/client.go:282.83,284.16 2 1
game_slots_vsn/internal/repository/redis/client.go:284.16,286.3 1 0
game_slots_vsn/internal/repository/redis/client.go:287.2,287.21 1 1
game_slots_vsn/internal/repository/redis/client.go:291.77,293.16 2 0
game_slots_vsn/internal/repository/redis/client.go:293.16,295.3 1 0
game_slots_vsn/internal/repository/redis/client.go:296.2,296.19 1 0
game_slots_vsn/internal/repository/redis/client.go:302.89,304.16 2 0
game_slots_vsn/internal/repository/redis/client.go:304.16,306.3 1 0
game_slots_vsn/internal/repository/redis/client.go:308.2,309.16 2 0
game_slots_vsn/internal/repository/redis/client.go:309.16,311.3 1 0
game_slots_vsn/internal/repository/redis/client.go:312.2,312.12 1 0
game_slots_vsn/internal/repository/redis/client.go:316.80,318.16 2 1
game_slots_vsn/internal/repository/redis/client.go:318.16,319.23 1 1
game_slots_vsn/internal/repository/redis/client.go:319.23,323.4 1 1
game_slots_vsn/internal/repository/redis/client.go:324.3,324.93 1 0
game_slots_vsn/internal/repository/redis/client.go:326.2,326.18 1 1
game_slots_vsn/pkg/metrics/metrics.go:142.103,152.22 4 1
game_slots_vsn/pkg/metrics/metrics.go:152.22,154.3 1 1
game_slots_vsn/pkg/metrics/metrics.go:162.53,164.2 1 1
game_slots_vsn/pkg/metrics/metrics.go:171.53,173.2 1 1
game_slots_vsn/pkg/metrics/metrics.go:183.76,185.16 2 0
game_slots_vsn/pkg/metrics/metrics.go:185.16,187.3 1 0
game_slots_vsn/pkg/metrics/metrics.go:190.2,193.75 2 0
game_slots_vsn/pkg/metrics/metrics.go:200.41,202.2 1 0
game_slots_vsn/pkg/metrics/metrics.go:211.47,213.9 2 0
game_slots_vsn/pkg/metrics/metrics.go:213.9,215.3 1 0
game_slots_vsn/pkg/metrics/metrics.go:217.2,217.56 1 0
game_slots_vsn/pkg/metrics/metrics.go:224.46,226.2 1 0
game_slots_vsn/pkg/metrics/metrics.go:232.43,234.13 2 0
game_slots_vsn/pkg/metrics/metrics.go:234.13,236.3 1 0
game_slots_vsn/pkg/metrics/metrics.go:238.2,238.54 1 0
game_slots_vsn/pkg/metrics/metrics.go:242.29,244.2 1 0
game_slots_vsn/pkg/metrics/metrics.go:247.29,249.2 1 0
game_slots_vsn/pkg/metrics/metrics.go:255.42,257.2 1 0
game_slots_vsn/pkg/metrics/middleware.go:21.63,22.30 1 1
game_slots_vsn/pkg/metrics/middleware.go:22.30,28.17 3 1
game_slots_vsn/pkg/metrics/middleware.go:28.17,30.4 1 0
game_slots_vsn/pkg/metrics/middleware.go:33.3,51.24 9 1
game_slots_vsn/pkg/metrics/middleware.go:51.24,58.4 1 1
game_slots_vsn/pkg/metrics/middleware.go:74.40,79.20 1 0
game_slots_vsn/pkg/metrics/middleware.go:79.20,82.30 2 0
game_slots_vsn/pkg/metrics/middleware.go:82.30,84.29 1 0
game_slots_vsn/pkg/metrics/middleware.go:84.29,86.5 1 0
game_slots_vsn/pkg/metrics/middleware.go:88.4,88.23 1 0
game_slots_vsn/pkg/metrics/middleware.go:88.23,90.5 1 0
game_slots_vsn/pkg/metrics/middleware.go:92.3,92.25 1 0
game_slots_vsn/pkg/metrics/middleware.go:95.2,95.13 1 0
game_slots_vsn/pkg/metrics/middleware.go:105.37,107.22 2 0
game_slots_vsn/pkg/metrics/middleware.go:107.22,108.15 1 0
game_slots_vsn/pkg/metrics/middleware.go:108.15,110.4 1 0
game_slots_vsn/pkg/metrics/middleware.go:110.9,110.32 1 0
game_slots_vsn/pkg/metrics/middleware.go:110.32,112.4 1 0
game_slots_vsn/pkg/metrics/middleware.go:114.2,114.39 1 0
game_slots_vsn/pkg/metrics/middleware.go:124.31,125.13 1 0
game_slots_vsn/pkg/metrics/middleware.go:125.13,127.3 1 0
game_slots_vsn/pkg/metrics/middleware.go:128.2,128.22 1 0
game_slots_vsn/pkg/metrics/middleware.go:128.22,129.25 1 0
game_slots_vsn/pkg/metrics/middleware.go:129.25,131.4 1 0
game_slots_vsn/pkg/metrics/middleware.go:133.2,133.13 1 0
game_slots_vsn/pkg/metrics/middleware.go:143.38,144.31 1 0
game_slots_vsn/pkg/metrics/middleware.go:144.31,146.3 1 0
game_slots_vsn/pkg/metrics/middleware.go:148.2,150.33 3 0
game_slots_vsn/pkg/metrics/middleware.go:150.33,151.21 1 0
game_slots_vsn/pkg/metrics/middleware.go:151.21,154.4 2 0
game_slots_vsn/pkg/metrics/middleware.go:156.2,156.25 1 0
game_slots_vsn/pkg/metrics/middleware.go:156.25,158.3 1 0
game_slots_vsn/pkg/metrics/middleware.go:160.2,160.14 1 0
game_slots_vsn/pkg/metrics/middleware.go:170.38,171.21 1 0
game_slots_vsn/pkg/metrics/middleware.go:171.21,173.3 1 0
game_slots_vsn/pkg/metrics/middleware.go:175.2,176.29 2 0
game_slots_vsn/pkg/metrics/middleware.go:176.29,177.12 1 0
game_slots_vsn/pkg/metrics/middleware.go:177.12,179.4 1 0
game_slots_vsn/pkg/metrics/middleware.go:180.3,180.17 1 0
game_slots_vsn/pkg/metrics/middleware.go:182.2,182.15 1 0
game_slots_vsn/pkg/metrics/middleware.go:194.42,195.31 1 0
game_slots_vsn/pkg/metrics/middleware.go:195.31,197.3 1 0
game_slots_vsn/pkg/metrics/middleware.go:197.8,197.38 1 0
game_slots_vsn/pkg/metrics/middleware.go:197.38,199.3 1 0
game_slots_vsn/pkg/metrics/middleware.go:199.8,199.38 1 0
game_slots_vsn/pkg/metrics/middleware.go:199.38,201.3 1 0
game_slots_vsn/pkg/metrics/middleware.go:201.8,201.24 1 0
game_slots_vsn/pkg/metrics/middleware.go:201.24,203.3 1 0
game_slots_vsn/pkg/metrics/middleware.go:204.2,204.27 1 0
game_slots_vsn/pkg/redis/redis.go:30.14,33.16 3 0
game_slots_vsn/pkg/redis/redis.go:33.16,34.13 1 0
game_slots_vsn/pkg/redis/redis.go:36.2,36.15 1 0
game_slots_vsn/pkg/redis/redis.go:39.28,42.16 3 1
game_slots_vsn/pkg/redis/redis.go:42.16,43.13 1 0
game_slots_vsn/pkg/redis/redis.go:45.2,45.15 1 1
game_slots_vsn/pkg/redis/redis.go:48.37,62.63 3 1
game_slots_vsn/pkg/redis/redis.go:62.63,64.5 1 1
game_slots_vsn/pkg/redis/redis.go:67.2,68.16 2 1
game_slots_vsn/pkg/redis/redis.go:68.16,69.13 1 0
game_slots_vsn/pkg/redis/redis.go:71.2,73.21 3 1
game_slots_vsn/pkg/redis/redis.go:76.50,78.16 2 0
game_slots_vsn/pkg/redis/redis.go:78.16,80.3 1 0
game_slots_vsn/pkg/redis/redis.go:81.2,81.14 1 0
game_slots_vsn/pkg/redis/redis.go:84.55,85.80 1 1
game_slots_vsn/pkg/redis/redis.go:85.80,87.3 1 0
game_slots_vsn/pkg/redis/redis.go:88.2,88.13 1 1
game_slots_vsn/pkg/redis/redis.go:91.69,93.16 2 0
game_slots_vsn/pkg/redis/redis.go:93.16,95.3 1 0
game_slots_vsn/pkg/redis/redis.go:96.2,96.14 1 0
game_slots_vsn/pkg/redis/redis.go:99.71,101.16 2 0
game_slots_vsn/pkg/redis/redis.go:101.16,103.3 1 0
game_slots_vsn/pkg/redis/redis.go:104.2,104.13 1 0
game_slots_vsn/pkg/redis/redis.go:107.59,109.16 2 1
game_slots_vsn/pkg/redis/redis.go:109.16,111.3 1 0
game_slots_vsn/pkg/redis/redis.go:112.2,112.13 1 1
game_slots_vsn/pkg/redis/redis.go:115.57,117.16 2 1
game_slots_vsn/pkg/redis/redis.go:117.16,119.3 1 0
game_slots_vsn/pkg/redis/redis.go:120.2,120.14 1 1
game_slots_vsn/pkg/redis/redis.go:123.64,125.16 2 0
game_slots_vsn/pkg/redis/redis.go:125.16,127.3 1 0
game_slots_vsn/pkg/redis/redis.go:128.2,128.14 1 0
game_slots_vsn/pkg/redis/redis.go:131.58,132.74 1 0
game_slots_vsn/pkg/redis/redis.go:132.74,134.3 1 0
game_slots_vsn/pkg/redis/redis.go:135.2,135.13 1 0
game_slots_vsn/pkg/redis/redis.go:138.58,139.74 1 0
game_slots_vsn/pkg/redis/redis.go:139.74,141.3 1 0
game_slots_vsn/pkg/redis/redis.go:142.2,142.13 1 0
game_slots_vsn/pkg/redis/redis.go:145.60,151.16 2 0
game_slots_vsn/pkg/redis/redis.go:151.16,153.3 1 0
game_slots_vsn/pkg/redis/redis.go:154.2,154.10 1 0
game_slots_vsn/pkg/redis/redis.go:157.67,159.70 2 0
game_slots_vsn/pkg/redis/redis.go:159.70,161.3 1 0
game_slots_vsn/pkg/redis/redis.go:162.2,162.20 1 0
game_slots_vsn/pkg/redis/redis.go:165.49,166.75 1 0
game_slots_vsn/pkg/redis/redis.go:166.75,168.3 1 0
game_slots_vsn/pkg/redis/redis.go:169.2,169.12 1 0
game_slots_vsn/pkg/redis/redis.go:172.43,173.68 1 0
game_slots_vsn/pkg/redis/redis.go:173.68,175.3 1 0
game_slots_vsn/pkg/redis/redis.go:176.2,176.13 1 0
game_slots_vsn/pkg/redis/redis.go:179.70,180.71 1 0
game_slots_vsn/pkg/redis/redis.go:180.71,182.3 1 0
game_slots_vsn/pkg/redis/redis.go:183.2,183.8 1 0
game_slots_vsn/pkg/redis/redis.go:186.73,188.103 2 0
game_slots_vsn/pkg/redis/redis.go:188.103,190.3 1 0
game_slots_vsn/pkg/redis/redis.go:191.2,191.22 1 0
game_slots_vsn/pkg/redis/redis.go:191.22,193.3 1 0
game_slots_vsn/pkg/redis/redis.go:194.2,195.8 2 0
game_slots_vsn/pkg/redis/redis.go:198.61,199.98 1 1
game_slots_vsn/pkg/redis/redis.go:199.98,201.3 1 0
game_slots_vsn/pkg/redis/redis.go:202.2,202.8 1 1
game_slots_vsn/pkg/redis/redis.go:205.70,206.80 1 0
game_slots_vsn/pkg/redis/redis.go:206.80,208.3 1 0
game_slots_vsn/pkg/redis/redis.go:209.2,209.12 1 0
game_slots_vsn/pkg/redis/redis.go:212.56,216.6 4 0
game_slots_vsn/pkg/redis/redis.go:216.6,218.17 2 0
game_slots_vsn/pkg/redis/redis.go:218.17,219.9 1 0
game_slots_vsn/pkg/redis/redis.go:221.3,222.17 2 0
game_slots_vsn/pkg/redis/redis.go:222.17,223.9 1 0
game_slots_vsn/pkg/redis/redis.go:226.2,226.8 1 0
game_slots_vsn/pkg/redis/redis.go:229.67,231.6 2 0
game_slots_vsn/pkg/redis/redis.go:231.6,234.3 2 0
game_slots_vsn/pkg/redis/redis.go:237.49,238.74 1 0
game_slots_vsn/pkg/redis/redis.go:238.74,240.3 1 0
game_slots_vsn/pkg/redis/redis.go:241.2,241.13 1 0
game_slots_vsn/pkg/redis/redis.go:244.67,246.69 2 0
game_slots_vsn/pkg/redis/redis.go:246.69,248.3 1 0
game_slots_vsn/pkg/redis/redis.go:249.2,249.20 1 0
game_slots_vsn/pkg/redis/redis.go:252.89,254.81 2 0
game_slots_vsn/pkg/redis/redis.go:254.81,256.3 1 0
game_slots_vsn/pkg/redis/redis.go:257.2,257.20 1 0
game_slots_vsn/pkg/redis/redis.go:260.99,262.16 2 0
game_slots_vsn/pkg/redis/redis.go:262.16,264.3 1 0
game_slots_vsn/pkg/redis/redis.go:265.2,265.8 1 0
game_slots_vsn/pkg/redis/redis.go:268.81,270.16 2 0
game_slots_vsn/pkg/redis/redis.go:270.16,272.3 1 0
game_slots_vsn/pkg/redis/redis.go:273.2,273.8 1 0
game_slots_vsn/pkg/redis/redis.go:276.43,278.2 1 0
game_slots_vsn/pkg/redis/redis.go:280.46,282.2 1 0
game_slots_vsn/pkg/redis/redis.go:284.44,286.2 1 0
