mode: set
game_slots_vsn/internal/service/dao/gm.go:10.42,13.16 3 0
game_slots_vsn/internal/service/dao/gm.go:13.16,15.3 1 0
game_slots_vsn/internal/service/dao/gm.go:16.2,17.16 2 0
game_slots_vsn/internal/service/dao/gm.go:17.16,19.3 1 0
game_slots_vsn/internal/service/dao/gm.go:20.2,20.20 1 0
game_slots_vsn/internal/service/dao/gm.go:23.43,25.16 2 0
game_slots_vsn/internal/service/dao/gm.go:25.16,27.3 1 0
game_slots_vsn/internal/service/dao/gm.go:28.2,29.16 2 0
game_slots_vsn/internal/service/dao/gm.go:29.16,31.3 1 0
game_slots_vsn/internal/service/dao/gm.go:32.2,32.12 1 0
game_slots_vsn/internal/service/dao/ip.go:8.29,10.2 1 0
game_slots_vsn/internal/service/dao/ip.go:12.33,14.2 1 0
game_slots_vsn/internal/service/dao/ip.go:16.33,18.2 1 0
game_slots_vsn/internal/service/dao/ip.go:20.29,22.2 1 0
game_slots_vsn/internal/service/dao/server.go:11.68,14.34 3 0
game_slots_vsn/internal/service/dao/server.go:14.34,18.3 3 0
game_slots_vsn/internal/service/dao/server.go:19.2,19.22 1 0
game_slots_vsn/internal/service/dao/server.go:22.72,24.16 2 0
game_slots_vsn/internal/service/dao/server.go:24.16,26.3 1 0
game_slots_vsn/internal/service/dao/server.go:27.2,27.80 1 0
game_slots_vsn/internal/service/dao/server.go:30.64,33.25 3 0
game_slots_vsn/internal/service/dao/server.go:33.25,35.3 1 0
game_slots_vsn/internal/service/dao/server.go:35.8,38.3 2 0
game_slots_vsn/internal/service/dao/server.go:39.2,39.19 1 0
game_slots_vsn/internal/service/dao/server.go:42.53,44.2 1 0
game_slots_vsn/internal/service/dao/server.go:46.47,48.23 2 0
game_slots_vsn/internal/service/dao/server.go:48.23,50.3 1 0
game_slots_vsn/internal/service/dao/server.go:51.2,51.12 1 0
game_slots_vsn/internal/service/gm_service.go:25.61,29.2 1 1
game_slots_vsn/internal/service/gm_service.go:32.80,35.16 2 1
game_slots_vsn/internal/service/gm_service.go:35.16,37.3 1 1
game_slots_vsn/internal/service/gm_service.go:39.2,39.20 1 1
game_slots_vsn/internal/service/gm_service.go:43.88,45.19 1 1
game_slots_vsn/internal/service/gm_service.go:45.19,49.3 1 1
game_slots_vsn/internal/service/gm_service.go:52.2,52.42 1 1
game_slots_vsn/internal/service/gm_service.go:52.42,54.3 1 0
game_slots_vsn/internal/service/gm_service.go:57.2,57.35 1 1
game_slots_vsn/internal/service/gm_service.go:61.65,64.16 2 1
game_slots_vsn/internal/service/gm_service.go:64.16,66.98 1 1
game_slots_vsn/internal/service/gm_service.go:66.98,68.4 1 1
game_slots_vsn/internal/service/gm_service.go:68.9,70.4 1 0
game_slots_vsn/internal/service/gm_service.go:74.2,77.51 2 1
game_slots_vsn/internal/service/gm_service.go:77.51,79.3 1 0
game_slots_vsn/internal/service/gm_service.go:81.2,81.22 1 1
game_slots_vsn/internal/service/gm_service.go:85.68,88.16 2 1
game_slots_vsn/internal/service/gm_service.go:88.16,90.98 1 0
game_slots_vsn/internal/service/gm_service.go:90.98,92.4 1 0
game_slots_vsn/internal/service/gm_service.go:92.9,94.4 1 0
game_slots_vsn/internal/service/gm_service.go:98.2,101.51 2 1
game_slots_vsn/internal/service/gm_service.go:101.51,103.3 1 0
game_slots_vsn/internal/service/gm_service.go:105.2,105.22 1 1
game_slots_vsn/internal/service/gm_service.go:109.67,112.16 2 1
game_slots_vsn/internal/service/gm_service.go:112.16,114.3 1 0
game_slots_vsn/internal/service/gm_service.go:117.2,117.12 1 1
game_slots_vsn/internal/service/gm_service.go:117.12,119.3 1 1
game_slots_vsn/internal/service/gm_service.go:122.2,125.42 2 1
game_slots_vsn/internal/service/ip_whitelist_service.go:25.95,29.2 1 1
game_slots_vsn/internal/service/ip_whitelist_service.go:32.93,35.16 2 1
game_slots_vsn/internal/service/ip_whitelist_service.go:35.16,37.3 1 0
game_slots_vsn/internal/service/ip_whitelist_service.go:39.2,39.23 1 1
game_slots_vsn/internal/service/ip_whitelist_service.go:43.104,45.22 1 1
game_slots_vsn/internal/service/ip_whitelist_service.go:45.22,49.3 1 1
game_slots_vsn/internal/service/ip_whitelist_service.go:52.2,52.45 1 1
game_slots_vsn/internal/service/ip_whitelist_service.go:52.45,54.3 1 0
game_slots_vsn/internal/service/ip_whitelist_service.go:57.2,57.45 1 1
game_slots_vsn/internal/service/ip_whitelist_service.go:61.74,63.14 1 1
game_slots_vsn/internal/service/ip_whitelist_service.go:63.14,68.3 1 1
game_slots_vsn/internal/service/ip_whitelist_service.go:71.2,72.16 2 1
game_slots_vsn/internal/service/ip_whitelist_service.go:72.16,74.3 1 0
game_slots_vsn/internal/service/ip_whitelist_service.go:77.2,77.44 1 1
game_slots_vsn/internal/service/ip_whitelist_service.go:77.44,79.3 1 1
game_slots_vsn/internal/service/ip_whitelist_service.go:82.2,82.45 1 1
game_slots_vsn/internal/service/ip_whitelist_service.go:86.77,88.14 1 1
game_slots_vsn/internal/service/ip_whitelist_service.go:88.14,93.3 1 0
game_slots_vsn/internal/service/ip_whitelist_service.go:96.2,97.16 2 1
game_slots_vsn/internal/service/ip_whitelist_service.go:97.16,99.3 1 0
game_slots_vsn/internal/service/ip_whitelist_service.go:102.2,102.47 1 1
game_slots_vsn/internal/service/ip_whitelist_service.go:102.47,104.92 1 1
game_slots_vsn/internal/service/ip_whitelist_service.go:104.92,106.4 1 1
game_slots_vsn/internal/service/ip_whitelist_service.go:107.3,107.13 1 0
game_slots_vsn/internal/service/ip_whitelist_service.go:111.2,111.45 1 1
game_slots_vsn/internal/service/ip_whitelist_service.go:115.84,117.14 1 1
game_slots_vsn/internal/service/ip_whitelist_service.go:117.14,122.3 1 1
game_slots_vsn/internal/service/ip_whitelist_service.go:125.2,125.42 1 1
game_slots_vsn/internal/service/ip_whitelist_service.go:129.83,131.19 1 1
game_slots_vsn/internal/service/ip_whitelist_service.go:131.19,135.3 1 1
game_slots_vsn/internal/service/ip_whitelist_service.go:138.2,139.16 2 1
game_slots_vsn/internal/service/ip_whitelist_service.go:139.16,141.3 1 0
game_slots_vsn/internal/service/ip_whitelist_service.go:144.2,144.46 1 1
game_slots_vsn/internal/service/ip_whitelist_service.go:144.46,146.3 1 0
game_slots_vsn/internal/service/ip_whitelist_service.go:149.2,149.45 1 1
game_slots_vsn/internal/service/ip_whitelist_service.go:153.86,155.19 1 1
game_slots_vsn/internal/service/ip_whitelist_service.go:155.19,159.3 1 0
game_slots_vsn/internal/service/ip_whitelist_service.go:162.2,163.16 2 1
game_slots_vsn/internal/service/ip_whitelist_service.go:163.16,165.3 1 0
game_slots_vsn/internal/service/ip_whitelist_service.go:168.2,171.45 2 1
game_slots_vsn/internal/service/ip_whitelist_service.go:175.72,181.2 2 1
game_slots_vsn/internal/service/version_service.go:26.81,30.2 1 1
game_slots_vsn/internal/service/version_service.go:33.100,35.15 1 1
game_slots_vsn/internal/service/version_service.go:35.15,40.3 1 1
game_slots_vsn/internal/service/version_service.go:41.2,41.15 1 1
game_slots_vsn/internal/service/version_service.go:41.15,43.3 1 1
game_slots_vsn/internal/service/version_service.go:46.2,46.55 1 1
game_slots_vsn/internal/service/version_service.go:46.55,51.3 1 0
game_slots_vsn/internal/service/version_service.go:54.2,55.16 2 1
game_slots_vsn/internal/service/version_service.go:55.16,57.3 1 1
game_slots_vsn/internal/service/version_service.go:59.2,59.21 1 1
game_slots_vsn/internal/service/version_service.go:63.104,65.20 1 1
game_slots_vsn/internal/service/version_service.go:65.20,69.3 1 1
game_slots_vsn/internal/service/version_service.go:70.2,70.15 1 1
game_slots_vsn/internal/service/version_service.go:70.15,72.3 1 0
game_slots_vsn/internal/service/version_service.go:75.2,75.43 1 1
game_slots_vsn/internal/service/version_service.go:75.43,77.3 1 1
game_slots_vsn/internal/service/version_service.go:80.2,81.16 2 1
game_slots_vsn/internal/service/version_service.go:81.16,83.3 1 0
game_slots_vsn/internal/service/version_service.go:84.2,84.12 1 1
game_slots_vsn/internal/service/version_service.go:84.12,90.3 1 1
game_slots_vsn/internal/service/version_service.go:93.2,93.46 1 1
game_slots_vsn/internal/service/version_service.go:97.104,99.20 1 1
game_slots_vsn/internal/service/version_service.go:99.20,103.3 1 0
game_slots_vsn/internal/service/version_service.go:104.2,104.15 1 1
game_slots_vsn/internal/service/version_service.go:104.15,106.3 1 0
game_slots_vsn/internal/service/version_service.go:109.2,109.43 1 1
game_slots_vsn/internal/service/version_service.go:109.43,111.3 1 0
game_slots_vsn/internal/service/version_service.go:114.2,115.16 2 1
game_slots_vsn/internal/service/version_service.go:115.16,117.3 1 0
game_slots_vsn/internal/service/version_service.go:118.2,118.13 1 1
game_slots_vsn/internal/service/version_service.go:118.13,120.3 1 1
game_slots_vsn/internal/service/version_service.go:123.2,123.46 1 1
game_slots_vsn/internal/service/version_service.go:127.84,129.15 1 1
game_slots_vsn/internal/service/version_service.go:129.15,134.3 1 0
game_slots_vsn/internal/service/version_service.go:135.2,135.15 1 1
game_slots_vsn/internal/service/version_service.go:135.15,137.3 1 0
game_slots_vsn/internal/service/version_service.go:140.2,141.16 2 1
game_slots_vsn/internal/service/version_service.go:141.16,143.3 1 0
game_slots_vsn/internal/service/version_service.go:144.2,144.13 1 1
game_slots_vsn/internal/service/version_service.go:144.13,146.3 1 1
game_slots_vsn/internal/service/version_service.go:149.2,149.44 1 1
game_slots_vsn/internal/service/version_service.go:153.99,155.15 1 1
game_slots_vsn/internal/service/version_service.go:155.15,157.3 1 1
game_slots_vsn/internal/service/version_service.go:160.2,161.16 2 1
game_slots_vsn/internal/service/version_service.go:161.16,163.3 1 0
game_slots_vsn/internal/service/version_service.go:165.2,165.22 1 1
game_slots_vsn/internal/service/version_service.go:169.111,171.15 1 1
game_slots_vsn/internal/service/version_service.go:171.15,176.3 1 0
game_slots_vsn/internal/service/version_service.go:177.2,177.15 1 1
game_slots_vsn/internal/service/version_service.go:177.15,179.3 1 0
game_slots_vsn/internal/service/version_service.go:180.2,180.15 1 1
game_slots_vsn/internal/service/version_service.go:180.15,185.3 1 0
game_slots_vsn/internal/service/version_service.go:186.2,186.16 1 1
game_slots_vsn/internal/service/version_service.go:186.16,190.3 1 0
game_slots_vsn/internal/service/version_service.go:193.2,193.39 1 1
game_slots_vsn/internal/service/version_service.go:193.39,195.3 1 1
game_slots_vsn/internal/service/version_service.go:198.2,199.16 2 1
game_slots_vsn/internal/service/version_service.go:199.16,201.3 1 0
game_slots_vsn/internal/service/version_service.go:204.2,204.55 1 1
game_slots_vsn/internal/service/version_service.go:204.55,206.3 1 0
game_slots_vsn/internal/service/version_service.go:209.2,209.46 1 1
game_slots_vsn/internal/service/version_service.go:213.91,215.15 1 1
game_slots_vsn/internal/service/version_service.go:215.15,220.3 1 0
game_slots_vsn/internal/service/version_service.go:221.2,221.15 1 1
game_slots_vsn/internal/service/version_service.go:221.15,223.3 1 0
game_slots_vsn/internal/service/version_service.go:224.2,224.15 1 1
game_slots_vsn/internal/service/version_service.go:224.15,229.3 1 0
game_slots_vsn/internal/service/version_service.go:232.2,233.16 2 1
game_slots_vsn/internal/service/version_service.go:233.16,235.3 1 0
game_slots_vsn/internal/service/version_service.go:238.2,238.32 1 1
game_slots_vsn/internal/service/version_service.go:238.32,240.3 1 1
game_slots_vsn/internal/service/version_service.go:243.2,246.46 2 1
