mode: set
game_slots_vsn/pkg/config/config.go:99.41,100.16 1 1
game_slots_vsn/pkg/config/config.go:100.16,102.3 1 1
game_slots_vsn/pkg/config/config.go:103.2,103.43 1 1
game_slots_vsn/pkg/config/config.go:117.36,119.2 1 1
game_slots_vsn/pkg/config/config.go:130.41,131.36 1 1
game_slots_vsn/pkg/config/config.go:132.23,133.17 1 1
game_slots_vsn/pkg/config/config.go:134.10,135.19 1 1
game_slots_vsn/pkg/config/config.go:152.54,153.19 1 1
game_slots_vsn/pkg/config/config.go:153.19,155.3 1 1
game_slots_vsn/pkg/config/config.go:157.2,157.22 1 1
game_slots_vsn/pkg/config/config.go:157.22,159.3 1 1
game_slots_vsn/pkg/config/config.go:162.2,162.33 1 1
game_slots_vsn/pkg/config/config.go:162.33,164.17 2 1
game_slots_vsn/pkg/config/config.go:164.17,166.4 1 0
game_slots_vsn/pkg/config/config.go:167.3,167.18 1 1
game_slots_vsn/pkg/config/config.go:170.2,170.24 1 1
game_slots_vsn/pkg/config/config.go:184.42,185.19 1 1
game_slots_vsn/pkg/config/config.go:185.19,187.3 1 0
game_slots_vsn/pkg/config/config.go:189.2,190.16 2 1
game_slots_vsn/pkg/config/config.go:190.16,192.3 1 0
game_slots_vsn/pkg/config/config.go:194.2,194.20 1 1
game_slots_vsn/pkg/config/config.go:194.20,196.3 1 0
game_slots_vsn/pkg/config/config.go:198.2,199.50 2 1
game_slots_vsn/pkg/config/config.go:199.50,201.3 1 0
game_slots_vsn/pkg/config/config.go:203.2,203.12 1 1
game_slots_vsn/pkg/config/config.go:215.49,219.16 2 1
game_slots_vsn/pkg/config/config.go:219.16,221.3 1 1
game_slots_vsn/pkg/config/config.go:224.2,224.35 1 1
game_slots_vsn/pkg/config/config.go:224.35,226.3 1 1
game_slots_vsn/pkg/config/config.go:228.2,228.22 1 1
game_slots_vsn/pkg/config/config.go:242.44,244.2 1 1
game_slots_vsn/pkg/config/config.go:257.41,259.2 1 1
game_slots_vsn/pkg/config/loader.go:27.47,35.41 3 1
game_slots_vsn/pkg/config/loader.go:35.41,37.3 1 1
game_slots_vsn/pkg/config/loader.go:40.2,41.42 2 1
game_slots_vsn/pkg/config/loader.go:41.42,43.3 1 0
game_slots_vsn/pkg/config/loader.go:46.2,48.18 2 1
game_slots_vsn/pkg/config/loader.go:63.37,66.22 2 1
game_slots_vsn/pkg/config/loader.go:66.22,69.3 1 1
game_slots_vsn/pkg/config/loader.go:71.2,71.25 1 1
game_slots_vsn/pkg/config/loader.go:88.45,89.15 1 1
game_slots_vsn/pkg/config/loader.go:89.15,91.16 2 1
game_slots_vsn/pkg/config/loader.go:91.16,93.4 1 1
game_slots_vsn/pkg/config/loader.go:97.2,100.25 3 1
game_slots_vsn/pkg/config/loader.go:117.56,119.16 2 1
game_slots_vsn/pkg/config/loader.go:119.16,124.3 3 1
game_slots_vsn/pkg/config/loader.go:125.2,125.17 1 0
game_slots_vsn/pkg/config/loader.go:143.30,179.2 1 1
game_slots_vsn/pkg/config/loader.go:192.20,193.25 1 1
game_slots_vsn/pkg/config/loader.go:193.25,196.17 2 1
game_slots_vsn/pkg/config/loader.go:196.17,198.4 1 1
game_slots_vsn/pkg/config/loader.go:199.3,199.13 1 0
game_slots_vsn/pkg/config/loader.go:201.2,201.21 1 0
game_slots_vsn/pkg/config/loader.go:218.38,220.16 2 1
game_slots_vsn/pkg/config/loader.go:220.16,222.3 1 1
game_slots_vsn/pkg/config/loader.go:223.2,224.12 2 1
game_slots_vsn/pkg/config/loader.go:243.42,245.16 2 1
game_slots_vsn/pkg/config/loader.go:245.16,246.55 1 1
game_slots_vsn/pkg/config/loader.go:248.2,248.12 1 1
game_slots_vsn/pkg/config/loader.go:267.40,269.16 2 1
game_slots_vsn/pkg/config/loader.go:269.16,270.71 1 1
game_slots_vsn/pkg/config/loader.go:272.2,272.12 1 1
