mode: set
game_slots_vsn/internal/repository/redis/client.go:114.50,116.2 1 0
game_slots_vsn/internal/repository/redis/client.go:125.55,127.16 2 0
game_slots_vsn/internal/repository/redis/client.go:127.16,129.3 1 0
game_slots_vsn/internal/repository/redis/client.go:130.2,130.12 1 0
game_slots_vsn/internal/repository/redis/client.go:140.47,145.2 2 0
game_slots_vsn/internal/repository/redis/client.go:150.76,152.16 2 0
game_slots_vsn/internal/repository/redis/client.go:152.16,153.23 1 0
game_slots_vsn/internal/repository/redis/client.go:153.23,157.4 1 0
game_slots_vsn/internal/repository/redis/client.go:158.3,158.88 1 0
game_slots_vsn/internal/repository/redis/client.go:160.2,160.17 1 0
game_slots_vsn/internal/repository/redis/client.go:164.111,166.16 2 0
game_slots_vsn/internal/repository/redis/client.go:166.16,168.3 1 0
game_slots_vsn/internal/repository/redis/client.go:169.2,169.12 1 0
game_slots_vsn/internal/repository/redis/client.go:173.70,175.16 2 0
game_slots_vsn/internal/repository/redis/client.go:175.16,177.3 1 0
game_slots_vsn/internal/repository/redis/client.go:178.2,178.12 1 0
game_slots_vsn/internal/repository/redis/client.go:182.77,184.16 2 0
game_slots_vsn/internal/repository/redis/client.go:184.16,186.3 1 0
game_slots_vsn/internal/repository/redis/client.go:187.2,187.23 1 0
game_slots_vsn/internal/repository/redis/client.go:193.84,195.16 2 0
game_slots_vsn/internal/repository/redis/client.go:195.16,196.23 1 0
game_slots_vsn/internal/repository/redis/client.go:196.23,201.4 1 0
game_slots_vsn/internal/repository/redis/client.go:202.3,202.89 1 0
game_slots_vsn/internal/repository/redis/client.go:204.2,204.17 1 0
game_slots_vsn/internal/repository/redis/client.go:208.93,210.16 2 0
game_slots_vsn/internal/repository/redis/client.go:210.16,212.3 1 0
game_slots_vsn/internal/repository/redis/client.go:213.2,213.12 1 0
game_slots_vsn/internal/repository/redis/client.go:217.103,219.16 2 0
game_slots_vsn/internal/repository/redis/client.go:219.16,221.3 1 0
game_slots_vsn/internal/repository/redis/client.go:222.2,222.18 1 0
game_slots_vsn/internal/repository/redis/client.go:226.99,228.16 2 0
game_slots_vsn/internal/repository/redis/client.go:228.16,230.3 1 0
game_slots_vsn/internal/repository/redis/client.go:231.2,231.12 1 0
game_slots_vsn/internal/repository/redis/client.go:235.91,237.16 2 0
game_slots_vsn/internal/repository/redis/client.go:237.16,239.3 1 0
game_slots_vsn/internal/repository/redis/client.go:240.2,240.18 1 0
game_slots_vsn/internal/repository/redis/client.go:244.85,246.16 2 0
game_slots_vsn/internal/repository/redis/client.go:246.16,248.3 1 0
game_slots_vsn/internal/repository/redis/client.go:249.2,249.12 1 0
game_slots_vsn/internal/repository/redis/client.go:255.91,257.16 2 0
game_slots_vsn/internal/repository/redis/client.go:257.16,259.3 1 0
game_slots_vsn/internal/repository/redis/client.go:260.2,260.12 1 0
game_slots_vsn/internal/repository/redis/client.go:264.91,266.16 2 0
game_slots_vsn/internal/repository/redis/client.go:266.16,268.3 1 0
game_slots_vsn/internal/repository/redis/client.go:269.2,269.12 1 0
game_slots_vsn/internal/repository/redis/client.go:273.100,275.16 2 0
game_slots_vsn/internal/repository/redis/client.go:275.16,277.3 1 0
game_slots_vsn/internal/repository/redis/client.go:278.2,278.20 1 0
game_slots_vsn/internal/repository/redis/client.go:282.83,284.16 2 0
game_slots_vsn/internal/repository/redis/client.go:284.16,286.3 1 0
game_slots_vsn/internal/repository/redis/client.go:287.2,287.21 1 0
game_slots_vsn/internal/repository/redis/client.go:291.77,293.16 2 0
game_slots_vsn/internal/repository/redis/client.go:293.16,295.3 1 0
game_slots_vsn/internal/repository/redis/client.go:296.2,296.19 1 0
game_slots_vsn/internal/repository/redis/client.go:302.89,304.16 2 0
game_slots_vsn/internal/repository/redis/client.go:304.16,306.3 1 0
game_slots_vsn/internal/repository/redis/client.go:308.2,309.16 2 0
game_slots_vsn/internal/repository/redis/client.go:309.16,311.3 1 0
game_slots_vsn/internal/repository/redis/client.go:312.2,312.12 1 0
game_slots_vsn/internal/repository/redis/client.go:316.80,318.16 2 0
game_slots_vsn/internal/repository/redis/client.go:318.16,319.23 1 0
game_slots_vsn/internal/repository/redis/client.go:319.23,323.4 1 0
game_slots_vsn/internal/repository/redis/client.go:324.3,324.93 1 0
game_slots_vsn/internal/repository/redis/client.go:326.2,326.18 1 0
game_slots_vsn/internal/repository/gm_repository.go:27.59,31.2 1 1
game_slots_vsn/internal/repository/gm_repository.go:34.75,39.16 3 1
game_slots_vsn/internal/repository/gm_repository.go:39.16,41.97 1 1
game_slots_vsn/internal/repository/gm_repository.go:41.97,43.4 1 1
game_slots_vsn/internal/repository/gm_repository.go:44.3,44.18 1 0
game_slots_vsn/internal/repository/gm_repository.go:48.2,49.62 2 1
game_slots_vsn/internal/repository/gm_repository.go:49.62,51.3 1 0
game_slots_vsn/internal/repository/gm_repository.go:53.2,53.21 1 1
game_slots_vsn/internal/repository/gm_repository.go:57.81,59.42 1 1
game_slots_vsn/internal/repository/gm_repository.go:59.42,61.3 1 0
game_slots_vsn/internal/repository/gm_repository.go:63.2,67.16 3 1
game_slots_vsn/internal/repository/gm_repository.go:67.16,69.3 1 0
game_slots_vsn/internal/repository/gm_repository.go:72.2,72.56 1 1
game_slots_vsn/internal/repository/gm_repository.go:72.56,74.3 1 0
game_slots_vsn/internal/repository/gm_repository.go:76.2,76.12 1 1
game_slots_vsn/internal/repository/gm_repository.go:80.66,83.2 2 1
game_slots_vsn/internal/repository/interfaces.go:188.46,190.2 1 1
game_slots_vsn/internal/repository/interfaces.go:199.45,201.2 1 1
game_slots_vsn/internal/repository/ip_whitelist_repository.go:27.77,31.2 1 1
game_slots_vsn/internal/repository/ip_whitelist_repository.go:34.87,39.16 3 1
game_slots_vsn/internal/repository/ip_whitelist_repository.go:39.16,41.97 1 1
game_slots_vsn/internal/repository/ip_whitelist_repository.go:41.97,44.4 1 1
game_slots_vsn/internal/repository/ip_whitelist_repository.go:45.3,45.18 1 0
game_slots_vsn/internal/repository/ip_whitelist_repository.go:49.2,50.65 2 1
game_slots_vsn/internal/repository/ip_whitelist_repository.go:50.65,52.3 1 0
game_slots_vsn/internal/repository/ip_whitelist_repository.go:54.2,54.24 1 1
game_slots_vsn/internal/repository/ip_whitelist_repository.go:58.96,60.45 1 1
game_slots_vsn/internal/repository/ip_whitelist_repository.go:60.45,62.3 1 0
game_slots_vsn/internal/repository/ip_whitelist_repository.go:64.2,68.16 3 1
game_slots_vsn/internal/repository/ip_whitelist_repository.go:68.16,70.3 1 0
game_slots_vsn/internal/repository/ip_whitelist_repository.go:73.2,73.56 1 1
game_slots_vsn/internal/repository/ip_whitelist_repository.go:73.56,75.3 1 0
game_slots_vsn/internal/repository/ip_whitelist_repository.go:77.2,77.12 1 1
game_slots_vsn/internal/repository/ip_whitelist_repository.go:81.75,84.2 2 1
game_slots_vsn/internal/repository/ip_whitelist_repository.go:87.88,90.16 2 1
game_slots_vsn/internal/repository/ip_whitelist_repository.go:90.16,92.3 1 0
game_slots_vsn/internal/repository/ip_whitelist_repository.go:95.2,95.41 1 1
game_slots_vsn/internal/repository/version_repository.go:27.69,31.2 1 1
game_slots_vsn/internal/repository/version_repository.go:34.111,39.16 3 1
game_slots_vsn/internal/repository/version_repository.go:39.16,41.97 1 1
game_slots_vsn/internal/repository/version_repository.go:41.97,43.4 1 1
game_slots_vsn/internal/repository/version_repository.go:44.3,44.18 1 0
game_slots_vsn/internal/repository/version_repository.go:48.2,49.63 2 1
game_slots_vsn/internal/repository/version_repository.go:49.63,51.3 1 0
game_slots_vsn/internal/repository/version_repository.go:53.2,53.22 1 1
game_slots_vsn/internal/repository/version_repository.go:57.98,59.43 1 1
game_slots_vsn/internal/repository/version_repository.go:59.43,61.3 1 1
game_slots_vsn/internal/repository/version_repository.go:63.2,67.16 3 1
game_slots_vsn/internal/repository/version_repository.go:67.16,69.3 1 0
game_slots_vsn/internal/repository/version_repository.go:72.2,72.56 1 1
game_slots_vsn/internal/repository/version_repository.go:72.56,74.3 1 0
game_slots_vsn/internal/repository/version_repository.go:77.2,78.65 2 1
game_slots_vsn/internal/repository/version_repository.go:78.65,80.3 1 0
game_slots_vsn/internal/repository/version_repository.go:82.2,82.12 1 1
game_slots_vsn/internal/repository/version_repository.go:86.80,90.47 2 1
game_slots_vsn/internal/repository/version_repository.go:90.47,92.3 1 0
game_slots_vsn/internal/repository/version_repository.go:95.2,96.57 2 1
game_slots_vsn/internal/repository/version_repository.go:96.57,98.3 1 0
game_slots_vsn/internal/repository/version_repository.go:100.2,100.12 1 1
game_slots_vsn/internal/repository/version_repository.go:104.88,107.2 2 1
game_slots_vsn/internal/repository/version_repository.go:110.94,115.16 3 1
game_slots_vsn/internal/repository/version_repository.go:115.16,117.3 1 0
game_slots_vsn/internal/repository/version_repository.go:120.2,121.27 2 1
game_slots_vsn/internal/repository/version_repository.go:121.27,123.17 2 1
game_slots_vsn/internal/repository/version_repository.go:123.17,125.12 1 0
game_slots_vsn/internal/repository/version_repository.go:127.3,127.39 1 1
game_slots_vsn/internal/repository/version_repository.go:130.2,130.22 1 1
game_slots_vsn/internal/repository/redis/client.go:114.50,116.2 1 1
game_slots_vsn/internal/repository/redis/client.go:125.55,127.16 2 0
game_slots_vsn/internal/repository/redis/client.go:127.16,129.3 1 0
game_slots_vsn/internal/repository/redis/client.go:130.2,130.12 1 0
game_slots_vsn/internal/repository/redis/client.go:140.47,145.2 2 0
game_slots_vsn/internal/repository/redis/client.go:150.76,152.16 2 0
game_slots_vsn/internal/repository/redis/client.go:152.16,153.23 1 0
game_slots_vsn/internal/repository/redis/client.go:153.23,157.4 1 0
game_slots_vsn/internal/repository/redis/client.go:158.3,158.88 1 0
game_slots_vsn/internal/repository/redis/client.go:160.2,160.17 1 0
game_slots_vsn/internal/repository/redis/client.go:164.111,166.16 2 1
game_slots_vsn/internal/repository/redis/client.go:166.16,168.3 1 0
game_slots_vsn/internal/repository/redis/client.go:169.2,169.12 1 1
game_slots_vsn/internal/repository/redis/client.go:173.70,175.16 2 1
game_slots_vsn/internal/repository/redis/client.go:175.16,177.3 1 0
game_slots_vsn/internal/repository/redis/client.go:178.2,178.12 1 1
game_slots_vsn/internal/repository/redis/client.go:182.77,184.16 2 1
game_slots_vsn/internal/repository/redis/client.go:184.16,186.3 1 0
game_slots_vsn/internal/repository/redis/client.go:187.2,187.23 1 1
game_slots_vsn/internal/repository/redis/client.go:193.84,195.16 2 0
game_slots_vsn/internal/repository/redis/client.go:195.16,196.23 1 0
game_slots_vsn/internal/repository/redis/client.go:196.23,201.4 1 0
game_slots_vsn/internal/repository/redis/client.go:202.3,202.89 1 0
game_slots_vsn/internal/repository/redis/client.go:204.2,204.17 1 0
game_slots_vsn/internal/repository/redis/client.go:208.93,210.16 2 0
game_slots_vsn/internal/repository/redis/client.go:210.16,212.3 1 0
game_slots_vsn/internal/repository/redis/client.go:213.2,213.12 1 0
game_slots_vsn/internal/repository/redis/client.go:217.103,219.16 2 0
game_slots_vsn/internal/repository/redis/client.go:219.16,221.3 1 0
game_slots_vsn/internal/repository/redis/client.go:222.2,222.18 1 0
game_slots_vsn/internal/repository/redis/client.go:226.99,228.16 2 0
game_slots_vsn/internal/repository/redis/client.go:228.16,230.3 1 0
game_slots_vsn/internal/repository/redis/client.go:231.2,231.12 1 0
game_slots_vsn/internal/repository/redis/client.go:235.91,237.16 2 0
game_slots_vsn/internal/repository/redis/client.go:237.16,239.3 1 0
game_slots_vsn/internal/repository/redis/client.go:240.2,240.18 1 0
game_slots_vsn/internal/repository/redis/client.go:244.85,246.16 2 0
game_slots_vsn/internal/repository/redis/client.go:246.16,248.3 1 0
game_slots_vsn/internal/repository/redis/client.go:249.2,249.12 1 0
game_slots_vsn/internal/repository/redis/client.go:255.91,257.16 2 1
game_slots_vsn/internal/repository/redis/client.go:257.16,259.3 1 0
game_slots_vsn/internal/repository/redis/client.go:260.2,260.12 1 1
game_slots_vsn/internal/repository/redis/client.go:264.91,266.16 2 1
game_slots_vsn/internal/repository/redis/client.go:266.16,268.3 1 0
game_slots_vsn/internal/repository/redis/client.go:269.2,269.12 1 1
game_slots_vsn/internal/repository/redis/client.go:273.100,275.16 2 0
game_slots_vsn/internal/repository/redis/client.go:275.16,277.3 1 0
game_slots_vsn/internal/repository/redis/client.go:278.2,278.20 1 0
game_slots_vsn/internal/repository/redis/client.go:282.83,284.16 2 1
game_slots_vsn/internal/repository/redis/client.go:284.16,286.3 1 0
game_slots_vsn/internal/repository/redis/client.go:287.2,287.21 1 1
game_slots_vsn/internal/repository/redis/client.go:291.77,293.16 2 0
game_slots_vsn/internal/repository/redis/client.go:293.16,295.3 1 0
game_slots_vsn/internal/repository/redis/client.go:296.2,296.19 1 0
game_slots_vsn/internal/repository/redis/client.go:302.89,304.16 2 0
game_slots_vsn/internal/repository/redis/client.go:304.16,306.3 1 0
game_slots_vsn/internal/repository/redis/client.go:308.2,309.16 2 0
game_slots_vsn/internal/repository/redis/client.go:309.16,311.3 1 0
game_slots_vsn/internal/repository/redis/client.go:312.2,312.12 1 0
game_slots_vsn/internal/repository/redis/client.go:316.80,318.16 2 1
game_slots_vsn/internal/repository/redis/client.go:318.16,319.23 1 1
game_slots_vsn/internal/repository/redis/client.go:319.23,323.4 1 1
game_slots_vsn/internal/repository/redis/client.go:324.3,324.93 1 0
game_slots_vsn/internal/repository/redis/client.go:326.2,326.18 1 1
